0 [3961231104] INFO perfrun.launcher <> - Launcher main begin
1 [3961231104] INFO perfrun.launcher <> - MessageCatalogInit finished
1 [3961231104] INFO perfrun.launcher <> - Launcher instance created
1 [3961231104] INFO perfrun.launcher <> - argc = 6; cmdline = /opt/intel/oneapi/vtune/2025.0/bin32/amplxe-runss -dump-vdso -r /home/camilo/Desktop/Computacion Paralela/Laboratorios/Computacion-Paralela-2025-FaMAF/tiny_mc/vtune_results --tmp-dir /tmp/amplxe-tmp-root 
11 [3961231104] INFO perfrun.launcher <> - create msngr2::ICliToolContext
11 [3961231104] INFO perfrun.launcher <> - create file finder object
12 [3960699712] INFO perfrun.launcher <> - plugin [remoteplug] was disabled because it doesn't support the given collection type.
12 [3960699712] INFO perfrun.launcher <> - plugin [] was disabled because it doesn't support the given collection type.
12 [3960699712] INFO perfrun.vdso <> - dumping [vdso] pseudomodule
13 [3960699712] INFO perfrun.launcher <> - plugin [] was disabled because it doesn't support the given collection type.
13 [3960699712] INFO perfrun.launcher <> - plugin [] was disabled because it doesn't support the given collection type.
13 [3960699712] INFO perfrun.launcher <> - plugin [] was disabled because it doesn't support the given collection type.
13 [3960699712] INFO perfrun.launcher <> - plugin [] was disabled because it doesn't support the given collection type.
13 [3960699712] INFO perfrun.launcher <> - plugin [] was disabled because it doesn't support the given collection type.
13 [3960699712] INFO perfrun.launcher <> - plugin [] was disabled because it doesn't support the given collection type.
13 [3960699712] INFO perfrun.launcher <> - plugin [] was disabled because it doesn't support the given collection type.
13 [3960699712] INFO perfrun.launcher <> - plugin [] was disabled because it doesn't support the given collection type.
13 [3960699712] INFO perfrun.launcher <> - plugin [] was disabled because it doesn't support the given collection type.
13 [3960699712] INFO perfrun.launcher <> - plugin [] was disabled because it doesn't support the given collection type.
13 [3960699712] INFO perfrun.launcher <> - plugin [] was disabled because it doesn't support the given collection type.
13 [3960699712] INFO perfrun.launcher <> - plugin [] was disabled because it doesn't support the given collection type.
13 [3960699712] INFO perfrun.launcher <> - plugin [] was disabled because it doesn't support the given collection type.
13 [3960699712] INFO perfrun.launcher <> - plugin [] was disabled because it doesn't support the given collection type.
13 [3960699712] INFO perfrun.launcher <> - plugin [] was disabled because it doesn't support the given collection type.
13 [3960699712] INFO perfrun.launcher <> - plugin [] was disabled because it doesn't support the given collection type.
13 [3960699712] INFO perfrun.launcher <> - plugin [] was disabled because it doesn't support the given collection type.
13 [3960699712] INFO perfrun.launcher <> - plugin [] was disabled because it doesn't support the given collection type.
13 [3960699712] INFO perfrun.launcher <> - plugin [] was disabled because it doesn't support the given collection type.
13 [3960699712] INFO perfrun.launcher <> - plugin [] was disabled because it doesn't support the given collection type.
13 [3960699712] INFO perfrun.launcher <> - plugin [] was disabled because it doesn't support the given collection type.
13 [3960699712] INFO perfrun.launcher <> - plugin [] was disabled because it doesn't support the given collection type.
13 [3960699712] INFO perfrun.launcher <> - plugin [] was disabled because it doesn't support the given collection type.
13 [3960699712] INFO perfrun.launcher <> - plugin [] was disabled because it doesn't support the given collection type.
13 [3961231104] INFO perfrun.launcher <> - Application exit code: 0
13 [3961231104] INFO perfrun.launcher <> - Exit code: 0
