13 [139863980866624] INFO perfrun.launcher <> - Launcher main begin
14 [139863980866624] INFO perfrun.launcher <> - MessageCatalogInit finished
14 [139863980866624] INFO perfrun.launcher <> - Launcher instance created
14 [139863980866624] INFO perfrun.launcher <> - argc = 6; cmdline = /opt/intel/oneapi/advisor/2023.2.0/bin64/advixe-runss -dump-vdso -r /tmp/advixe-tmp-cp2025_014/advixe-res-2324932-4103861138778762 --tmp-dir /tmp/advixe-tmp-cp2025_014 
50 [139863980866624] INFO perfrun.launcher <> - create msngr2::ICliToolContext
50 [139863980866624] INFO perfrun.launcher <> - create file finder object
54 [139863829505728] INFO perfrun.launcher <> - plugin [remoteplug] was disabled because it doesn't support the given collection type.
54 [139863829505728] INFO perfrun.launcher <> - plugin [system] was disabled because it doesn't support the given collection type.
54 [139863829505728] INFO perfrun.vdso <> - dumping [vdso] pseudomodule
54 [139863829505728] INFO perfrun.launcher <> - plugin [itt] was disabled because it doesn't support the given collection type.
54 [139863829505728] INFO perfrun.launcher <> - plugin [] was disabled because it doesn't support the given collection type.
54 [139863829505728] INFO perfrun.launcher <> - plugin [gpu] was disabled because it doesn't support the given collection type.
54 [139863829505728] INFO perfrun.launcher <> - plugin [] was disabled because it doesn't support the given collection type.
54 [139863829505728] INFO perfrun.launcher <> - plugin [] was disabled because it doesn't support the given collection type.
54 [139863829505728] INFO perfrun.launcher <> - plugin [] was disabled because it doesn't support the given collection type.
54 [139863829505728] INFO perfrun.launcher <> - plugin [mrte] was disabled because it doesn't support the given collection type.
54 [139863829505728] INFO perfrun.launcher <> - plugin [] was disabled because it doesn't support the given collection type.
54 [139863829505728] INFO perfrun.launcher <> - plugin [] was disabled because it doesn't support the given collection type.
54 [139863829505728] INFO perfrun.launcher <> - plugin [] was disabled because it doesn't support the given collection type.
54 [139863829505728] INFO perfrun.launcher <> - plugin [] was disabled because it doesn't support the given collection type.
54 [139863829505728] INFO perfrun.launcher <> - plugin [] was disabled because it doesn't support the given collection type.
54 [139863829505728] INFO perfrun.launcher <> - plugin [] was disabled because it doesn't support the given collection type.
54 [139863829505728] INFO perfrun.launcher <> - plugin [] was disabled because it doesn't support the given collection type.
54 [139863829505728] INFO perfrun.launcher <> - plugin [tpss] was disabled because it doesn't support the given collection type.
54 [139863829505728] INFO perfrun.launcher <> - plugin [] was disabled because it doesn't support the given collection type.
54 [139863829505728] INFO perfrun.launcher <> - plugin [] was disabled because it doesn't support the given collection type.
54 [139863829505728] INFO perfrun.launcher <> - plugin [] was disabled because it doesn't support the given collection type.
54 [139863829505728] INFO perfrun.launcher <> - plugin [] was disabled because it doesn't support the given collection type.
54 [139863829505728] INFO perfrun.launcher <> - plugin [] was disabled because it doesn't support the given collection type.
54 [139863829505728] INFO perfrun.launcher <> - plugin [] was disabled because it doesn't support the given collection type.
54 [139863829505728] INFO perfrun.launcher <> - plugin [] was disabled because it doesn't support the given collection type.
54 [139863829505728] INFO perfrun.launcher <> - plugin [] was disabled because it doesn't support the given collection type.
54 [139863829505728] INFO perfrun.launcher <> - plugin [] was disabled because it doesn't support the given collection type.
54 [139863980866624] INFO perfrun.launcher <> - Application exit code: 0
54 [139863980866624] INFO perfrun.launcher <> - Exit code: 0
