
2324959 : 0xe9470cdeae125 : 1 : spill_jit_data :  Jit agent is not initialized
2324937 : 0xe9470cdebadcf : 2 : ittapi_config_mask_get :  --itt-config mask to be applied: 183
2324937 : 0xe9470cdebece1 : 2 : ittapi_config_apply_per_lib :  ITTAPI function instrumented: __itt_domain_create
2324937 : 0xe9470cdebfb86 : 2 : ittapi_config_apply_per_lib :  ITTAPI function instrumented: __itt_module_load_with_sections
2324937 : 0xe9470cdec08e9 : 2 : ittapi_config_apply_per_lib :  ITTAPI function not implemented: __itt_module_unload_with_sections
2324937 : 0xe9470cdec14f3 : 2 : ittapi_config_apply_per_lib :  ITTAPI function instrumented: __itt_string_handle_create
2324937 : 0xe9470cdec1e06 : 2 : ittapi_config_apply_per_lib :  ITTAPI function instrumented: __itt_counter_create
2324937 : 0xe9470cdec247e : 2 : ittapi_config_apply_per_lib :  ITTAPI function instrumented: __itt_counter_create_typed
2324937 : 0xe9470cdec2a3e : 2 : ittapi_config_apply_per_lib :  ITTAPI function instrumented: __itt_pause
2324937 : 0xe9470cdec3043 : 2 : ittapi_config_apply_per_lib :  ITTAPI function instrumented: __itt_resume
2324937 : 0xe9470cdecbbb3 : 2 : ittapi_config_apply_per_lib :  ITTAPI function instrumented: __itt_thread_set_name
2324937 : 0xe9470cdecc22b : 2 : ittapi_config_apply_per_lib :  ITTAPI function instrumented: __itt_thread_ignore
2324937 : 0xe9470cdecc85e : 2 : ittapi_config_apply_per_lib :  ITTAPI function instrumented: __itt_thr_name_set
2324937 : 0xe9470cdecce63 : 2 : ittapi_config_apply_per_lib :  ITTAPI function instrumented: __itt_thr_ignore
2324937 : 0xe9470cdecd593 : 2 : ittapi_config_apply_per_lib :  ITTAPI function instrumented: __itt_histogram_create
2324937 : 0xe9470cdecdf19 : 2 : ittapi_config_apply_per_lib :  ITTAPI function not implemented: __itt_enable_attach
2324937 : 0xe9470cdece535 : 2 : ittapi_config_apply_per_lib :  ITTAPI function instrumented: __itt_detach
2324937 : 0xe9470cdeceab0 : 2 : ittapi_config_apply_per_lib :  ITTAPI function NOT instrumented (not matched by --itt-config option): __itt_sync_create

2324937 : 0xe9470cdecf1c9 : 2 : ittapi_config_apply_per_lib :  ITTAPI function NOT instrumented (not matched by --itt-config option): __itt_sync_rename

2324937 : 0xe9470cdecf68c : 2 : ittapi_config_apply_per_lib :  ITTAPI function NOT instrumented (not matched by --itt-config option): __itt_sync_destroy

2324937 : 0xe9470cded28f3 : 2 : ittapi_config_apply_per_lib :  ITTAPI function NOT instrumented (not matched by --itt-config option): __itt_sync_prepare

2324937 : 0xe9470cded2dcd : 2 : ittapi_config_apply_per_lib :  ITTAPI function NOT instrumented (not matched by --itt-config option): __itt_sync_cancel

2324937 : 0xe9470cded324b : 2 : ittapi_config_apply_per_lib :  ITTAPI function NOT instrumented (not matched by --itt-config option): __itt_sync_acquired

2324937 : 0xe9470cded369b : 2 : ittapi_config_apply_per_lib :  ITTAPI function NOT instrumented (not matched by --itt-config option): __itt_sync_releasing

2324937 : 0xe9470cded3f24 : 2 : ittapi_config_apply_per_lib :  ITTAPI function not implemented: __itt_suppress_push
2324937 : 0xe9470cded4768 : 2 : ittapi_config_apply_per_lib :  ITTAPI function not implemented: __itt_suppress_pop
2324937 : 0xe9470cded4e98 : 2 : ittapi_config_apply_per_lib :  ITTAPI function not implemented: __itt_suppress_mark_range
2324937 : 0xe9470cded55b1 : 2 : ittapi_config_apply_per_lib :  ITTAPI function not implemented: __itt_suppress_clear_range
2324937 : 0xe9470cded5a5d : 2 : ittapi_config_apply_per_lib :  ITTAPI function NOT instrumented (not matched by --itt-config option): __itt_sync_prepare

2324937 : 0xe9470cded5ec4 : 2 : ittapi_config_apply_per_lib :  ITTAPI function NOT instrumented (not matched by --itt-config option): __itt_sync_cancel

2324937 : 0xe9470cded8ae1 : 2 : ittapi_config_apply_per_lib :  ITTAPI function NOT instrumented (not matched by --itt-config option): __itt_sync_acquired

2324937 : 0xe9470cded8f5f : 2 : ittapi_config_apply_per_lib :  ITTAPI function NOT instrumented (not matched by --itt-config option): __itt_sync_releasing

2324937 : 0xe9470cded9747 : 2 : ittapi_config_apply_per_lib :  ITTAPI function instrumented: __itt_model_site_begin
2324937 : 0xe9470cded9d1e : 2 : ittapi_config_apply_per_lib :  ITTAPI function instrumented: __itt_model_site_end
2324937 : 0xe9470cdeda2b0 : 2 : ittapi_config_apply_per_lib :  ITTAPI function instrumented: __itt_model_task_begin
2324937 : 0xe9470cdeda842 : 2 : ittapi_config_apply_per_lib :  ITTAPI function instrumented: __itt_model_task_end
2324937 : 0xe9470cdedae8c : 2 : ittapi_config_apply_per_lib :  ITTAPI function instrumented: __itt_model_lock_acquire
2324937 : 0xe9470cdedb4ed : 2 : ittapi_config_apply_per_lib :  ITTAPI function instrumented: __itt_model_lock_release
2324937 : 0xe9470cdedbc06 : 2 : ittapi_config_apply_per_lib :  ITTAPI function not implemented: __itt_model_record_allocation
2324937 : 0xe9470cdedc31f : 2 : ittapi_config_apply_per_lib :  ITTAPI function not implemented: __itt_model_record_deallocation
2324937 : 0xe9470cdee0892 : 2 : ittapi_config_apply_per_lib :  ITTAPI function not implemented: __itt_model_induction_uses
2324937 : 0xe9470cdee10bf : 2 : ittapi_config_apply_per_lib :  ITTAPI function not implemented: __itt_model_reduction_uses
2324937 : 0xe9470cdee1793 : 2 : ittapi_config_apply_per_lib :  ITTAPI function not implemented: __itt_model_observe_uses
2324937 : 0xe9470cdee1f92 : 2 : ittapi_config_apply_per_lib :  ITTAPI function not implemented: __itt_model_clear_uses
2324937 : 0xe9470cdee260a : 2 : ittapi_config_apply_per_lib :  ITTAPI function instrumented: __itt_model_site_beginA
2324937 : 0xe9470cdee2be1 : 2 : ittapi_config_apply_per_lib :  ITTAPI function instrumented: __itt_model_site_beginAL
2324937 : 0xe9470cdee3173 : 2 : ittapi_config_apply_per_lib :  ITTAPI function instrumented: __itt_model_task_beginA
2324937 : 0xe9470cdee36d7 : 2 : ittapi_config_apply_per_lib :  ITTAPI function instrumented: __itt_model_task_beginAL
2324937 : 0xe9470cdee3c80 : 2 : ittapi_config_apply_per_lib :  ITTAPI function instrumented: __itt_model_iteration_taskA
2324937 : 0xe9470cdee4188 : 2 : ittapi_config_apply_per_lib :  ITTAPI function instrumented: __itt_model_iteration_taskAL
2324937 : 0xe9470cdee6f88 : 2 : ittapi_config_apply_per_lib :  ITTAPI function instrumented: __itt_model_site_end_2
2324937 : 0xe9470cdee75a4 : 2 : ittapi_config_apply_per_lib :  ITTAPI function instrumented: __itt_model_task_end_2
2324937 : 0xe9470cdee7b7b : 2 : ittapi_config_apply_per_lib :  ITTAPI function instrumented: __itt_model_lock_acquire_2
2324937 : 0xe9470cdee8197 : 2 : ittapi_config_apply_per_lib :  ITTAPI function instrumented: __itt_model_lock_release_2
2324937 : 0xe9470cdee8712 : 2 : ittapi_config_apply_per_lib :  ITTAPI function instrumented: __itt_model_aggregate_task
2324937 : 0xe9470cdee8d17 : 2 : ittapi_config_apply_per_lib :  ITTAPI function instrumented: __itt_model_disable_push
2324937 : 0xe9470cdee91da : 2 : ittapi_config_apply_per_lib :  ITTAPI function instrumented: __itt_model_disable_pop
2324937 : 0xe9470cdee97f6 : 2 : ittapi_config_apply_per_lib :  ITTAPI function instrumented: __itt_heap_function_create
2324937 : 0xe9470cdee9e40 : 2 : ittapi_config_apply_per_lib :  ITTAPI function instrumented: __itt_heap_allocate_begin
2324937 : 0xe9470cdeea5cc : 2 : ittapi_config_apply_per_lib :  ITTAPI function instrumented: __itt_heap_allocate_end
2324937 : 0xe9470cdeed2a1 : 2 : ittapi_config_apply_per_lib :  ITTAPI function instrumented: __itt_heap_free_begin
2324937 : 0xe9470cdeed8bd : 2 : ittapi_config_apply_per_lib :  ITTAPI function instrumented: __itt_heap_free_end
2324937 : 0xe9470cdeede7d : 2 : ittapi_config_apply_per_lib :  ITTAPI function instrumented: __itt_heap_reallocate_begin
2324937 : 0xe9470cdeee454 : 2 : ittapi_config_apply_per_lib :  ITTAPI function instrumented: __itt_heap_reallocate_end
2324937 : 0xe9470cdeeeb84 : 2 : ittapi_config_apply_per_lib :  ITTAPI function not implemented: __itt_heap_internal_access_begin
2324937 : 0xe9470cdeef26f : 2 : ittapi_config_apply_per_lib :  ITTAPI function not implemented: __itt_heap_internal_access_end
2324937 : 0xe9470cdeef971 : 2 : ittapi_config_apply_per_lib :  ITTAPI function not implemented: __itt_heap_record_memory_growth_begin
2324937 : 0xe9470cdef01fa : 2 : ittapi_config_apply_per_lib :  ITTAPI function not implemented: __itt_heap_record_memory_growth_end
2324937 : 0xe9470cdef08a0 : 2 : ittapi_config_apply_per_lib :  ITTAPI function not implemented: __itt_heap_reset_detection
2324937 : 0xe9470cdef10cd : 2 : ittapi_config_apply_per_lib :  ITTAPI function not implemented: __itt_heap_record
2324937 : 0xe9470cdef50dc : 2 : ittapi_config_apply_per_lib :  ITTAPI function not implemented: __itt_id_create
2324937 : 0xe9470cdef5896 : 2 : ittapi_config_apply_per_lib :  ITTAPI function not implemented: __itt_id_destroy
2324937 : 0xe9470cdef5ec9 : 2 : ittapi_config_apply_per_lib :  ITTAPI function instrumented: __itt_get_timestamp
2324937 : 0xe9470cdef652a : 2 : ittapi_config_apply_per_lib :  ITTAPI function not implemented: __itt_region_begin
2324937 : 0xe9470cdef6bd0 : 2 : ittapi_config_apply_per_lib :  ITTAPI function not implemented: __itt_region_end
2324937 : 0xe9470cdef71ec : 2 : ittapi_config_apply_per_lib :  ITTAPI function instrumented: __itt_frame_begin_v3
2324937 : 0xe9470cdef77da : 2 : ittapi_config_apply_per_lib :  ITTAPI function instrumented: __itt_frame_end_v3
2324937 : 0xe9470cdef7d6c : 2 : ittapi_config_apply_per_lib :  ITTAPI function instrumented: __itt_frame_submit_v3
2324937 : 0xe9470cdef83e4 : 2 : ittapi_config_apply_per_lib :  ITTAPI function not implemented: __itt_task_group
2324937 : 0xe9470cdef8a00 : 2 : ittapi_config_apply_per_lib :  ITTAPI function instrumented: __itt_task_begin
2324937 : 0xe9470cdefb731 : 2 : ittapi_config_apply_per_lib :  ITTAPI function instrumented: __itt_task_begin_fn
2324937 : 0xe9470cdefbd7b : 2 : ittapi_config_apply_per_lib :  ITTAPI function instrumented: __itt_task_end
2324937 : 0xe9470cdefc54c : 2 : ittapi_config_apply_per_lib :  ITTAPI function not implemented: __itt_counter_inc_v3
2324937 : 0xe9470cdefcd1d : 2 : ittapi_config_apply_per_lib :  ITTAPI function not implemented: __itt_counter_inc_delta_v3
2324937 : 0xe9470cdefd505 : 2 : ittapi_config_apply_per_lib :  ITTAPI function not implemented: __itt_counter_dec_v3
2324937 : 0xe9470cdefdc07 : 2 : ittapi_config_apply_per_lib :  ITTAPI function not implemented: __itt_counter_dec_delta_v3
2324937 : 0xe9470cdefe365 : 2 : ittapi_config_apply_per_lib :  ITTAPI function not implemented: __itt_marker
2324937 : 0xe9470cdefe93c : 2 : ittapi_config_apply_per_lib :  ITTAPI function instrumented: __itt_metadata_add
2324937 : 0xe9470cdeff055 : 2 : ittapi_config_apply_per_lib :  ITTAPI function not implemented: __itt_metadata_str_add
2324937 : 0xe9470cdeff76e : 2 : ittapi_config_apply_per_lib :  ITTAPI function not implemented: __itt_relation_add_to_current
2324937 : 0xe9470cdf025b3 : 2 : ittapi_config_apply_per_lib :  ITTAPI function not implemented: __itt_relation_add
2324937 : 0xe9470cdf02bb8 : 2 : ittapi_config_apply_per_lib :  ITTAPI function instrumented: __itt_event_create
2324937 : 0xe9470cdf0314a : 2 : ittapi_config_apply_per_lib :  ITTAPI function instrumented: __itt_event_start
2324937 : 0xe9470cdf036dc : 2 : ittapi_config_apply_per_lib :  ITTAPI function instrumented: __itt_event_end
2324937 : 0xe9470cdf03bcd : 2 : ittapi_config_apply_per_lib :  ITTAPI function NOT instrumented (not matched by --itt-config option): __itt_sync_set_name

2324937 : 0xe9470cdf040a7 : 2 : ittapi_config_apply_per_lib :  ITTAPI function NOT instrumented (not matched by --itt-config option): __itt_notify_sync_name

2324937 : 0xe9470cdf0453c : 2 : ittapi_config_apply_per_lib :  ITTAPI function NOT instrumented (not matched by --itt-config option): __itt_notify_sync_prepare

2324937 : 0xe9470cdf049d1 : 2 : ittapi_config_apply_per_lib :  ITTAPI function NOT instrumented (not matched by --itt-config option): __itt_notify_sync_cancel

2324937 : 0xe9470cdf04e4f : 2 : ittapi_config_apply_per_lib :  ITTAPI function NOT instrumented (not matched by --itt-config option): __itt_notify_sync_acquired

2324937 : 0xe9470cdf05312 : 2 : ittapi_config_apply_per_lib :  ITTAPI function NOT instrumented (not matched by --itt-config option): __itt_notify_sync_releasing

2324937 : 0xe9470cdf091c8 : 2 : ittapi_config_apply_per_lib :  ITTAPI function not implemented: __itt_memory_read
2324937 : 0xe9470cdf09954 : 2 : ittapi_config_apply_per_lib :  ITTAPI function not implemented: __itt_memory_write
2324937 : 0xe9470cdf0a1f4 : 2 : ittapi_config_apply_per_lib :  ITTAPI function not implemented: __itt_memory_update
2324937 : 0xe9470cdf0a924 : 2 : ittapi_config_apply_per_lib :  ITTAPI function not implemented: __itt_state_get
2324937 : 0xe9470cdf0af57 : 2 : ittapi_config_apply_per_lib :  ITTAPI function not implemented: __itt_state_set
2324937 : 0xe9470cdf0b5b8 : 2 : ittapi_config_apply_per_lib :  ITTAPI function not implemented: __itt_obj_mode_set
2324937 : 0xe9470cdf0bbd4 : 2 : ittapi_config_apply_per_lib :  ITTAPI function not implemented: __itt_thr_mode_set
2324937 : 0xe9470cdf0c349 : 2 : ittapi_config_apply_per_lib :  ITTAPI function instrumented: __itt_frame_create
2324937 : 0xe9470cdf0c896 : 2 : ittapi_config_apply_per_lib :  ITTAPI function instrumented: __itt_pt_region_create
2324937 : 0xe9470cdf0ce28 : 2 : ittapi_config_apply_per_lib :  ITTAPI function instrumented: __itt_frame_begin
2324937 : 0xe9470cdf0fbb5 : 2 : ittapi_config_apply_per_lib :  ITTAPI function instrumented: __itt_frame_end
2324937 : 0xe9470cdf10386 : 2 : ittapi_config_apply_per_lib :  ITTAPI function not implemented: __itt_counter_destroy
2324937 : 0xe9470cdf10a15 : 2 : ittapi_config_apply_per_lib :  ITTAPI function instrumented: __itt_counter_inc
2324937 : 0xe9470cdf11003 : 2 : ittapi_config_apply_per_lib :  ITTAPI function instrumented: __itt_counter_inc_delta
2324937 : 0xe9470cdf115da : 2 : ittapi_config_apply_per_lib :  ITTAPI function instrumented: __itt_counter_dec
2324937 : 0xe9470cdf11d38 : 2 : ittapi_config_apply_per_lib :  ITTAPI function instrumented: __itt_counter_dec_delta
2324937 : 0xe9470cdf1230f : 2 : ittapi_config_apply_per_lib :  ITTAPI function instrumented: __itt_counter_set_value
2324937 : 0xe9470cdf12987 : 2 : ittapi_config_apply_per_lib :  ITTAPI function not implemented: __itt_counter_set_value_ex
2324937 : 0xe9470cdf13016 : 2 : ittapi_config_apply_per_lib :  ITTAPI function not implemented: __itt_mark_create
2324937 : 0xe9470cdf1527f : 2 : ittapi_config_apply_per_lib :  ITTAPI function not implemented: __itt_mark
2324937 : 0xe9470cdf181d8 : 2 : ittapi_config_apply_per_lib :  ITTAPI function not implemented: __itt_mark_off
2324937 : 0xe9470cdf188f1 : 2 : ittapi_config_apply_per_lib :  ITTAPI function not implemented: __itt_mark_global
2324937 : 0xe9470cdf18f97 : 2 : ittapi_config_apply_per_lib :  ITTAPI function not implemented: __itt_mark_global_off
2324937 : 0xe9470cdf197db : 2 : ittapi_config_apply_per_lib :  ITTAPI function instrumented: __itt_stack_caller_create
2324937 : 0xe9470cdf19e6a : 2 : ittapi_config_apply_per_lib :  ITTAPI function instrumented: __itt_stack_caller_destroy
2324937 : 0xe9470cdf1a4cb : 2 : ittapi_config_apply_per_lib :  ITTAPI function instrumented: __itt_stack_callee_enter
2324937 : 0xe9470cdf1aa5d : 2 : ittapi_config_apply_per_lib :  ITTAPI function instrumented: __itt_stack_callee_leave
2324937 : 0xe9470cdf1b11a : 2 : ittapi_config_apply_per_lib :  ITTAPI function not implemented: __itt_clock_domain_create
2324937 : 0xe9470cdf1b81c : 2 : ittapi_config_apply_per_lib :  ITTAPI function not implemented: __itt_clock_domain_reset
2324937 : 0xe9470cdf1be7d : 2 : ittapi_config_apply_per_lib :  ITTAPI function not implemented: __itt_id_create_ex
2324937 : 0xe9470cdf1ed07 : 2 : ittapi_config_apply_per_lib :  ITTAPI function not implemented: __itt_id_destroy_ex
2324937 : 0xe9470cdf1f44e : 2 : ittapi_config_apply_per_lib :  ITTAPI function not implemented: __itt_task_begin_ex
2324937 : 0xe9470cdf1fadd : 2 : ittapi_config_apply_per_lib :  ITTAPI function not implemented: __itt_task_begin_fn_ex
2324937 : 0xe9470cdf2013e : 2 : ittapi_config_apply_per_lib :  ITTAPI function not implemented: __itt_task_end_ex
2324937 : 0xe9470cdf20715 : 2 : ittapi_config_apply_per_lib :  ITTAPI function instrumented: __itt_task_begin_overlapped
2324937 : 0xe9470cdf20d8d : 2 : ittapi_config_apply_per_lib :  ITTAPI function not implemented: __itt_task_begin_overlapped_ex
2324937 : 0xe9470cdf2134d : 2 : ittapi_config_apply_per_lib :  ITTAPI function instrumented: __itt_task_end_overlapped
2324937 : 0xe9470cdf219dc : 2 : ittapi_config_apply_per_lib :  ITTAPI function not implemented: __itt_task_end_overlapped_ex
2324937 : 0xe9470cdf21fe1 : 2 : ittapi_config_apply_per_lib :  ITTAPI function not implemented: __itt_marker_ex
2324937 : 0xe9470cdf228f4 : 2 : ittapi_config_apply_per_lib :  ITTAPI function not implemented: __itt_metadata_add_with_scope
2324937 : 0xe9470cdf267aa : 2 : ittapi_config_apply_per_lib :  ITTAPI function not implemented: __itt_metadata_str_add_with_scope
2324937 : 0xe9470cdf26f92 : 2 : ittapi_config_apply_per_lib :  ITTAPI function not implemented: __itt_relation_add_to_current_ex
2324937 : 0xe9470cdf2760a : 2 : ittapi_config_apply_per_lib :  ITTAPI function not implemented: __itt_relation_add_ex
2324937 : 0xe9470cdf27c99 : 2 : ittapi_config_apply_per_lib :  ITTAPI function not implemented: __itt_track_group_create
2324937 : 0xe9470cdf282b5 : 2 : ittapi_config_apply_per_lib :  ITTAPI function not implemented: __itt_track_create
2324937 : 0xe9470cdf2892d : 2 : ittapi_config_apply_per_lib :  ITTAPI function not implemented: __itt_set_track
2324937 : 0xe9470cdf28f77 : 2 : ittapi_config_apply_per_lib :  ITTAPI function instrumented: __itt_api_version
2324937 : 0xe9470cdf295c1 : 2 : ittapi_config_apply_per_lib :  ITTAPI function not implemented: __itt_av_save
2324937 : 0xe9470cdf29b98 : 2 : ittapi_config_apply_per_lib :  ITTAPI function instrumented: __itt_module_load
2324937 : 0xe9470cdf2a210 : 2 : ittapi_config_apply_per_lib :  ITTAPI function not implemented: __itt_module_unload
2324937 : 0xe9470cdf2cdd1 : 2 : ittapi_config_apply_per_lib :  ITTAPI function NOT instrumented (not matched by --itt-config option): __itt_histogram_submit

2324937 : 0xe9470cdfebafa : 2 : ittapi_config_mask_get :  --itt-config mask to be applied: 183
2324937 : 0xe9470cdfecf03 : 2 : ittapi_config_apply_per_lib :  ITTAPI function instrumented: __itt_domain_create
2324937 : 0xe9470cdfed8a0 : 2 : ittapi_config_apply_per_lib :  ITTAPI function instrumented: __itt_module_load_with_sections
2324937 : 0xe9470cdfee23d : 2 : ittapi_config_apply_per_lib :  ITTAPI function not implemented: __itt_module_unload_with_sections
2324937 : 0xe9470cdfeea0e : 2 : ittapi_config_apply_per_lib :  ITTAPI function instrumented: __itt_string_handle_create
2324937 : 0xe9470cdfeeffc : 2 : ittapi_config_apply_per_lib :  ITTAPI function instrumented: __itt_counter_create
2324937 : 0xe9470cdfef5ea : 2 : ittapi_config_apply_per_lib :  ITTAPI function instrumented: __itt_counter_create_typed
2324937 : 0xe9470cdfefbd8 : 2 : ittapi_config_apply_per_lib :  ITTAPI function instrumented: __itt_pause
2324937 : 0xe9470cdff01af : 2 : ittapi_config_apply_per_lib :  ITTAPI function instrumented: __itt_resume
2324937 : 0xe9470cdff8b6a : 2 : ittapi_config_apply_per_lib :  ITTAPI function instrumented: __itt_thread_set_name
2324937 : 0xe9470cdff9210 : 2 : ittapi_config_apply_per_lib :  ITTAPI function instrumented: __itt_thread_ignore
2324937 : 0xe9470cdff9815 : 2 : ittapi_config_apply_per_lib :  ITTAPI function instrumented: __itt_thr_name_set
2324937 : 0xe9470cdff9f45 : 2 : ittapi_config_apply_per_lib :  ITTAPI function instrumented: __itt_thr_ignore
2324937 : 0xe9470cdffa6e8 : 2 : ittapi_config_apply_per_lib :  ITTAPI function not implemented: __itt_enable_attach
2324937 : 0xe9470cdffad32 : 2 : ittapi_config_apply_per_lib :  ITTAPI function instrumented: __itt_detach
2324937 : 0xe9470cdffb268 : 2 : ittapi_config_apply_per_lib :  ITTAPI function NOT instrumented (not matched by --itt-config option): __itt_sync_create

2324937 : 0xe9470cdffb787 : 2 : ittapi_config_apply_per_lib :  ITTAPI function NOT instrumented (not matched by --itt-config option): __itt_sync_rename

2324937 : 0xe9470cdffbc05 : 2 : ittapi_config_apply_per_lib :  ITTAPI function NOT instrumented (not matched by --itt-config option): __itt_sync_destroy

2324937 : 0xe9470cdffc055 : 2 : ittapi_config_apply_per_lib :  ITTAPI function NOT instrumented (not matched by --itt-config option): __itt_sync_prepare

2324937 : 0xe9470ce000680 : 2 : ittapi_config_apply_per_lib :  ITTAPI function NOT instrumented (not matched by --itt-config option): __itt_sync_cancel

2324937 : 0xe9470ce000b9f : 2 : ittapi_config_apply_per_lib :  ITTAPI function NOT instrumented (not matched by --itt-config option): __itt_sync_acquired

2324937 : 0xe9470ce000fef : 2 : ittapi_config_apply_per_lib :  ITTAPI function NOT instrumented (not matched by --itt-config option): __itt_sync_releasing

2324937 : 0xe9470ce0017a9 : 2 : ittapi_config_apply_per_lib :  ITTAPI function not implemented: __itt_suppress_push
2324937 : 0xe9470ce001f4c : 2 : ittapi_config_apply_per_lib :  ITTAPI function not implemented: __itt_suppress_pop
2324937 : 0xe9470ce002609 : 2 : ittapi_config_apply_per_lib :  ITTAPI function not implemented: __itt_suppress_mark_range
2324937 : 0xe9470ce002d39 : 2 : ittapi_config_apply_per_lib :  ITTAPI function not implemented: __itt_suppress_clear_range
2324937 : 0xe9470ce0031e5 : 2 : ittapi_config_apply_per_lib :  ITTAPI function NOT instrumented (not matched by --itt-config option): __itt_sync_prepare

2324937 : 0xe9470ce00364c : 2 : ittapi_config_apply_per_lib :  ITTAPI function NOT instrumented (not matched by --itt-config option): __itt_sync_cancel

2324937 : 0xe9470ce003b26 : 2 : ittapi_config_apply_per_lib :  ITTAPI function NOT instrumented (not matched by --itt-config option): __itt_sync_acquired

2324937 : 0xe9470ce006829 : 2 : ittapi_config_apply_per_lib :  ITTAPI function NOT instrumented (not matched by --itt-config option): __itt_sync_releasing

2324937 : 0xe9470ce006f9e : 2 : ittapi_config_apply_per_lib :  ITTAPI function instrumented: __itt_model_site_begin
2324937 : 0xe9470ce0075ba : 2 : ittapi_config_apply_per_lib :  ITTAPI function instrumented: __itt_model_site_end
2324937 : 0xe9470ce007b91 : 2 : ittapi_config_apply_per_lib :  ITTAPI function instrumented: __itt_model_task_begin
2324937 : 0xe9470ce0080de : 2 : ittapi_config_apply_per_lib :  ITTAPI function instrumented: __itt_model_task_end
2324937 : 0xe9470ce0086e3 : 2 : ittapi_config_apply_per_lib :  ITTAPI function instrumented: __itt_model_lock_acquire
2324937 : 0xe9470ce008cd1 : 2 : ittapi_config_apply_per_lib :  ITTAPI function instrumented: __itt_model_lock_release
2324937 : 0xe9470ce00938e : 2 : ittapi_config_apply_per_lib :  ITTAPI function not implemented: __itt_model_record_allocation
2324937 : 0xe9470ce009aec : 2 : ittapi_config_apply_per_lib :  ITTAPI function not implemented: __itt_model_record_deallocation
2324937 : 0xe9470ce00a261 : 2 : ittapi_config_apply_per_lib :  ITTAPI function not implemented: __itt_model_induction_uses
2324937 : 0xe9470ce00d1ba : 2 : ittapi_config_apply_per_lib :  ITTAPI function not implemented: __itt_model_reduction_uses
2324937 : 0xe9470ce00d92f : 2 : ittapi_config_apply_per_lib :  ITTAPI function not implemented: __itt_model_observe_uses
2324937 : 0xe9470ce00e01a : 2 : ittapi_config_apply_per_lib :  ITTAPI function not implemented: __itt_model_clear_uses
2324937 : 0xe9470ce00e692 : 2 : ittapi_config_apply_per_lib :  ITTAPI function instrumented: __itt_model_site_beginA
2324937 : 0xe9470ce00ecae : 2 : ittapi_config_apply_per_lib :  ITTAPI function instrumented: __itt_model_site_beginAL
2324937 : 0xe9470ce00f354 : 2 : ittapi_config_apply_per_lib :  ITTAPI function instrumented: __itt_model_task_beginA
2324937 : 0xe9470ce00f8a1 : 2 : ittapi_config_apply_per_lib :  ITTAPI function instrumented: __itt_model_task_beginAL
2324937 : 0xe9470ce00fdd7 : 2 : ittapi_config_apply_per_lib :  ITTAPI function instrumented: __itt_model_iteration_taskA
2324937 : 0xe9470ce0102c8 : 2 : ittapi_config_apply_per_lib :  ITTAPI function instrumented: __itt_model_iteration_taskAL
2324937 : 0xe9470ce0107d0 : 2 : ittapi_config_apply_per_lib :  ITTAPI function instrumented: __itt_model_site_end_2
2324937 : 0xe9470ce0134a5 : 2 : ittapi_config_apply_per_lib :  ITTAPI function instrumented: __itt_model_task_end_2
2324937 : 0xe9470ce013b4b : 2 : ittapi_config_apply_per_lib :  ITTAPI function instrumented: __itt_model_lock_acquire_2
2324937 : 0xe9470ce014139 : 2 : ittapi_config_apply_per_lib :  ITTAPI function instrumented: __itt_model_lock_release_2
2324937 : 0xe9470ce01469d : 2 : ittapi_config_apply_per_lib :  ITTAPI function instrumented: __itt_model_aggregate_task
2324937 : 0xe9470ce014c01 : 2 : ittapi_config_apply_per_lib :  ITTAPI function instrumented: __itt_model_disable_push
2324937 : 0xe9470ce0150c4 : 2 : ittapi_config_apply_per_lib :  ITTAPI function instrumented: __itt_model_disable_pop
2324937 : 0xe9470ce01563f : 2 : ittapi_config_apply_per_lib :  ITTAPI function instrumented: __itt_heap_function_create
2324937 : 0xe9470ce015c16 : 2 : ittapi_config_apply_per_lib :  ITTAPI function instrumented: __itt_heap_allocate_begin
2324937 : 0xe9470ce0161a8 : 2 : ittapi_config_apply_per_lib :  ITTAPI function instrumented: __itt_heap_allocate_end
2324937 : 0xe9470ce01670c : 2 : ittapi_config_apply_per_lib :  ITTAPI function instrumented: __itt_heap_free_begin
2324937 : 0xe9470ce01a50a : 2 : ittapi_config_apply_per_lib :  ITTAPI function instrumented: __itt_heap_free_end
2324937 : 0xe9470ce01ac68 : 2 : ittapi_config_apply_per_lib :  ITTAPI function instrumented: __itt_heap_reallocate_begin
2324937 : 0xe9470ce01b211 : 2 : ittapi_config_apply_per_lib :  ITTAPI function instrumented: __itt_heap_reallocate_end
2324937 : 0xe9470ce01b958 : 2 : ittapi_config_apply_per_lib :  ITTAPI function not implemented: __itt_heap_internal_access_begin
2324937 : 0xe9470ce01c0e4 : 2 : ittapi_config_apply_per_lib :  ITTAPI function not implemented: __itt_heap_internal_access_end
2324937 : 0xe9470ce01c82b : 2 : ittapi_config_apply_per_lib :  ITTAPI function not implemented: __itt_heap_record_memory_growth_begin
2324937 : 0xe9470ce01cfe5 : 2 : ittapi_config_apply_per_lib :  ITTAPI function not implemented: __itt_heap_record_memory_growth_end
2324937 : 0xe9470ce01d68b : 2 : ittapi_config_apply_per_lib :  ITTAPI function not implemented: __itt_heap_reset_detection
2324937 : 0xe9470ce01dd5f : 2 : ittapi_config_apply_per_lib :  ITTAPI function not implemented: __itt_heap_record
2324937 : 0xe9470ce01e405 : 2 : ittapi_config_apply_per_lib :  ITTAPI function not implemented: __itt_id_create
2324937 : 0xe9470ce021347 : 2 : ittapi_config_apply_per_lib :  ITTAPI function not implemented: __itt_id_destroy
2324937 : 0xe9470ce0219a8 : 2 : ittapi_config_apply_per_lib :  ITTAPI function instrumented: __itt_get_timestamp
2324937 : 0xe9470ce022037 : 2 : ittapi_config_apply_per_lib :  ITTAPI function not implemented: __itt_region_begin
2324937 : 0xe9470ce0226c6 : 2 : ittapi_config_apply_per_lib :  ITTAPI function not implemented: __itt_region_end
2324937 : 0xe9470ce022cf9 : 2 : ittapi_config_apply_per_lib :  ITTAPI function instrumented: __itt_frame_begin_v3
2324937 : 0xe9470ce023315 : 2 : ittapi_config_apply_per_lib :  ITTAPI function instrumented: __itt_frame_end_v3
2324937 : 0xe9470ce0238a7 : 2 : ittapi_config_apply_per_lib :  ITTAPI function instrumented: __itt_frame_submit_v3
2324937 : 0xe9470ce024033 : 2 : ittapi_config_apply_per_lib :  ITTAPI function not implemented: __itt_task_group
2324937 : 0xe9470ce024638 : 2 : ittapi_config_apply_per_lib :  ITTAPI function instrumented: __itt_task_begin
2324937 : 0xe9470ce024b85 : 2 : ittapi_config_apply_per_lib :  ITTAPI function instrumented: __itt_task_begin_fn
2324937 : 0xe9470ce027843 : 2 : ittapi_config_apply_per_lib :  ITTAPI function instrumented: __itt_task_end
2324937 : 0xe9470ce0280b5 : 2 : ittapi_config_apply_per_lib :  ITTAPI function not implemented: __itt_counter_inc_v3
2324937 : 0xe9470ce028858 : 2 : ittapi_config_apply_per_lib :  ITTAPI function not implemented: __itt_counter_inc_delta_v3
2324937 : 0xe9470ce028fcd : 2 : ittapi_config_apply_per_lib :  ITTAPI function not implemented: __itt_counter_dec_v3
2324937 : 0xe9470ce0296b8 : 2 : ittapi_config_apply_per_lib :  ITTAPI function not implemented: __itt_counter_dec_delta_v3
2324937 : 0xe9470ce029d47 : 2 : ittapi_config_apply_per_lib :  ITTAPI function not implemented: __itt_marker
2324937 : 0xe9470ce02a391 : 2 : ittapi_config_apply_per_lib :  ITTAPI function instrumented: __itt_metadata_add
2324937 : 0xe9470ce02aa37 : 2 : ittapi_config_apply_per_lib :  ITTAPI function not implemented: __itt_metadata_str_add
2324937 : 0xe9470ce02b0dd : 2 : ittapi_config_apply_per_lib :  ITTAPI function not implemented: __itt_relation_add_to_current
2324937 : 0xe9470ce02b73e : 2 : ittapi_config_apply_per_lib :  ITTAPI function not implemented: __itt_relation_add
2324937 : 0xe9470ce02f39e : 2 : ittapi_config_apply_per_lib :  ITTAPI function instrumented: __itt_event_create
2324937 : 0xe9470ce02f9ff : 2 : ittapi_config_apply_per_lib :  ITTAPI function instrumented: __itt_event_start
2324937 : 0xe9470ce02ffd6 : 2 : ittapi_config_apply_per_lib :  ITTAPI function instrumented: __itt_event_end
2324937 : 0xe9470ce030499 : 2 : ittapi_config_apply_per_lib :  ITTAPI function NOT instrumented (not matched by --itt-config option): __itt_sync_set_name

2324937 : 0xe9470ce03095c : 2 : ittapi_config_apply_per_lib :  ITTAPI function NOT instrumented (not matched by --itt-config option): __itt_notify_sync_name

2324937 : 0xe9470ce030dda : 2 : ittapi_config_apply_per_lib :  ITTAPI function NOT instrumented (not matched by --itt-config option): __itt_notify_sync_prepare

2324937 : 0xe9470ce031241 : 2 : ittapi_config_apply_per_lib :  ITTAPI function NOT instrumented (not matched by --itt-config option): __itt_notify_sync_cancel

2324937 : 0xe9470ce031663 : 2 : ittapi_config_apply_per_lib :  ITTAPI function NOT instrumented (not matched by --itt-config option): __itt_notify_sync_acquired

2324937 : 0xe9470ce031aca : 2 : ittapi_config_apply_per_lib :  ITTAPI function NOT instrumented (not matched by --itt-config option): __itt_notify_sync_releasing

2324937 : 0xe9470ce032187 : 2 : ittapi_config_apply_per_lib :  ITTAPI function not implemented: __itt_memory_read
2324937 : 0xe9470ce035011 : 2 : ittapi_config_apply_per_lib :  ITTAPI function not implemented: __itt_memory_write
2324937 : 0xe9470ce0358c8 : 2 : ittapi_config_apply_per_lib :  ITTAPI function not implemented: __itt_memory_update
2324937 : 0xe9470ce035fb3 : 2 : ittapi_config_apply_per_lib :  ITTAPI function not implemented: __itt_state_get
2324937 : 0xe9470ce0365fd : 2 : ittapi_config_apply_per_lib :  ITTAPI function not implemented: __itt_state_set
2324937 : 0xe9470ce036c8c : 2 : ittapi_config_apply_per_lib :  ITTAPI function not implemented: __itt_obj_mode_set
2324937 : 0xe9470ce0372d6 : 2 : ittapi_config_apply_per_lib :  ITTAPI function not implemented: __itt_thr_mode_set
2324937 : 0xe9470ce0378db : 2 : ittapi_config_apply_per_lib :  ITTAPI function instrumented: __itt_frame_create
2324937 : 0xe9470ce037e11 : 2 : ittapi_config_apply_per_lib :  ITTAPI function instrumented: __itt_pt_region_create
2324937 : 0xe9470ce0383ba : 2 : ittapi_config_apply_per_lib :  ITTAPI function instrumented: __itt_frame_begin
2324937 : 0xe9470ce03894c : 2 : ittapi_config_apply_per_lib :  ITTAPI function instrumented: __itt_frame_end
2324937 : 0xe9470ce03b81b : 2 : ittapi_config_apply_per_lib :  ITTAPI function not implemented: __itt_counter_destroy
2324937 : 0xe9470ce03bf1d : 2 : ittapi_config_apply_per_lib :  ITTAPI function instrumented: __itt_counter_inc
2324937 : 0xe9470ce03c57e : 2 : ittapi_config_apply_per_lib :  ITTAPI function instrumented: __itt_counter_inc_delta
2324937 : 0xe9470ce03cb6c : 2 : ittapi_config_apply_per_lib :  ITTAPI function instrumented: __itt_counter_dec
2324937 : 0xe9470ce03d1fb : 2 : ittapi_config_apply_per_lib :  ITTAPI function instrumented: __itt_counter_dec_delta
2324937 : 0xe9470ce03d817 : 2 : ittapi_config_apply_per_lib :  ITTAPI function instrumented: __itt_counter_set_value
2324937 : 0xe9470ce03ded4 : 2 : ittapi_config_apply_per_lib :  ITTAPI function not implemented: __itt_counter_set_value_ex
2324937 : 0xe9470ce03e701 : 2 : ittapi_config_apply_per_lib :  ITTAPI function not implemented: __itt_mark_create
2324937 : 0xe9470ce03edd5 : 2 : ittapi_config_apply_per_lib :  ITTAPI function not implemented: __itt_mark
2324937 : 0xe9470ce03f4c0 : 2 : ittapi_config_apply_per_lib :  ITTAPI function not implemented: __itt_mark_off
2324937 : 0xe9470ce0434fd : 2 : ittapi_config_apply_per_lib :  ITTAPI function not implemented: __itt_mark_global
2324937 : 0xe9470ce043c5b : 2 : ittapi_config_apply_per_lib :  ITTAPI function not implemented: __itt_mark_global_off
2324937 : 0xe9470ce04449f : 2 : ittapi_config_apply_per_lib :  ITTAPI function instrumented: __itt_stack_caller_create
2324937 : 0xe9470ce044b45 : 2 : ittapi_config_apply_per_lib :  ITTAPI function instrumented: __itt_stack_caller_destroy
2324937 : 0xe9470ce045230 : 2 : ittapi_config_apply_per_lib :  ITTAPI function instrumented: __itt_stack_callee_enter
2324937 : 0xe9470ce04584c : 2 : ittapi_config_apply_per_lib :  ITTAPI function instrumented: __itt_stack_callee_leave
2324937 : 0xe9470ce045f65 : 2 : ittapi_config_apply_per_lib :  ITTAPI function not implemented: __itt_clock_domain_create
2324937 : 0xe9470ce04671f : 2 : ittapi_config_apply_per_lib :  ITTAPI function not implemented: __itt_clock_domain_reset
2324937 : 0xe9470ce046ddc : 2 : ittapi_config_apply_per_lib :  ITTAPI function not implemented: __itt_id_create_ex
2324937 : 0xe9470ce047482 : 2 : ittapi_config_apply_per_lib :  ITTAPI function not implemented: __itt_id_destroy_ex
2324937 : 0xe9470ce04a61a : 2 : ittapi_config_apply_per_lib :  ITTAPI function not implemented: __itt_task_begin_ex
2324937 : 0xe9470ce04ad61 : 2 : ittapi_config_apply_per_lib :  ITTAPI function not implemented: __itt_task_begin_fn_ex
2324937 : 0xe9470ce04b3f0 : 2 : ittapi_config_apply_per_lib :  ITTAPI function not implemented: __itt_task_end_ex
2324937 : 0xe9470ce04baad : 2 : ittapi_config_apply_per_lib :  ITTAPI function instrumented: __itt_task_begin_overlapped
2324937 : 0xe9470ce04c198 : 2 : ittapi_config_apply_per_lib :  ITTAPI function not implemented: __itt_task_begin_overlapped_ex
2324937 : 0xe9470ce04c7e2 : 2 : ittapi_config_apply_per_lib :  ITTAPI function instrumented: __itt_task_end_overlapped
2324937 : 0xe9470ce04cefb : 2 : ittapi_config_apply_per_lib :  ITTAPI function not implemented: __itt_task_end_overlapped_ex
2324937 : 0xe9470ce04d55c : 2 : ittapi_config_apply_per_lib :  ITTAPI function not implemented: __itt_marker_ex
2324937 : 0xe9470ce04dce8 : 2 : ittapi_config_apply_per_lib :  ITTAPI function not implemented: __itt_metadata_add_with_scope
2324937 : 0xe9470ce04e3bc : 2 : ittapi_config_apply_per_lib :  ITTAPI function not implemented: __itt_metadata_str_add_with_scope
2324937 : 0xe9470ce0514b3 : 2 : ittapi_config_apply_per_lib :  ITTAPI function not implemented: __itt_relation_add_to_current_ex
2324937 : 0xe9470ce051d25 : 2 : ittapi_config_apply_per_lib :  ITTAPI function not implemented: __itt_relation_add_ex
2324937 : 0xe9470ce0523cb : 2 : ittapi_config_apply_per_lib :  ITTAPI function not implemented: __itt_track_group_create
2324937 : 0xe9470ce052a71 : 2 : ittapi_config_apply_per_lib :  ITTAPI function not implemented: __itt_track_create
2324937 : 0xe9470ce05312e : 2 : ittapi_config_apply_per_lib :  ITTAPI function not implemented: __itt_set_track
2324937 : 0xe9470ce053733 : 2 : ittapi_config_apply_per_lib :  ITTAPI function instrumented: __itt_api_version
2324937 : 0xe9470ce053e07 : 2 : ittapi_config_apply_per_lib :  ITTAPI function not implemented: __itt_av_save
2324937 : 0xe9470ce0544c4 : 2 : ittapi_config_apply_per_lib :  ITTAPI function instrumented: __itt_module_load
2324937 : 0xe9470ce055255 : 2 : ittapi_config_apply_per_lib :  ITTAPI function not implemented: __itt_module_unload