<?xml version="1.0" encoding="utf-8"?>
<log version="1.0" tool="runtool">

<msg id="1" tool="runtool">
  <type>log-start</type>
  <arg>2025/05/18 01:43:09</arg>
</msg>
<msg id="2" tool="runtool">
  <type>bandwidth-measurement-starts</type>
</msg>
<msg id="3" tool="runtool">
  <type>bandwidth-measurement-done</type>
</msg>
<msg id="4" tool="runtool">
  <type>collector-starts</type>
</msg>
<msg id="5" tool="runtool">
  <type>marker-file</type>
  <arg>/users/cp2025/cp2025_014/Computacion-Paralela-2025-FaMAF/tiny_mc/advisor_project/e000/trc000/trc000.advixe</arg>
</msg>
<msg id="6" tool="trc">
  <type>PROCESS_START</type>
  <arg>/users/cp2025/cp2025_014/Computacion-Paralela-2025-FaMAF/tiny_mc/headless</arg>
  <arg>2338686</arg>
  <severity>INFO</severity>
  <timestamp>Sun May 18 01:43:22 2025</timestamp>
</msg>
<msg id="7" tool="trc">
  <type>PROCESS_ANALYSIS_MODE</type>
  <arg>full</arg>
  <severity>INFO</severity>
  <timestamp>Sun May 18 01:43:22 2025</timestamp>
</msg>
<msg id="8" tool="trc">
  <type>LOAD_MODULE</type>
  <arg>/users/cp2025/cp2025_014/Computacion-Paralela-2025-FaMAF/tiny_mc/headless</arg>
  <arg>0x400000</arg>
  <arg>0x408ce7</arg>
  <arg>yes</arg>
  <severity>INFO</severity>
  <timestamp>Sun May 18 01:43:22 2025</timestamp>
</msg>
<msg id="9" tool="trc">
  <type>LOAD_MODULE</type>
  <arg>/lib64/ld-linux-x86-64.so.2</arg>
  <arg>0x7f15a6c13000</arg>
  <arg>0x7f15a6c492df</arg>
  <arg>no</arg>
  <severity>INFO</severity>
  <timestamp>Sun May 18 01:43:22 2025</timestamp>
</msg>
<msg id="10" tool="trc">
  <type>LOAD_MODULE</type>
  <arg>[vdso]</arg>
  <arg>0x7f15a6c11000</arg>
  <arg>0x7f15a6c1270e</arg>
  <arg>no</arg>
  <severity>INFO</severity>
  <timestamp>Sun May 18 01:43:22 2025</timestamp>
</msg>
<msg id="11" tool="trc">
  <type>LOAD_MODULE</type>
  <arg>/lib/x86_64-linux-gnu/libm.so.6</arg>
  <arg>0x7f15918c0000</arg>
  <arg>0x7f15919a5017</arg>
  <arg>no</arg>
  <severity>INFO</severity>
  <timestamp>Sun May 18 01:43:23 2025</timestamp>
</msg>
<msg id="12" tool="trc">
  <type>LOAD_MODULE</type>
  <arg>/opt/intel/oneapi/compiler/2023.2.1/linux/compiler/lib/intel64_lin/libiomp5.so</arg>
  <arg>0x7f1591200000</arg>
  <arg>0x7f159164114f</arg>
  <arg>yes</arg>
  <severity>INFO</severity>
  <timestamp>Sun May 18 01:43:23 2025</timestamp>
</msg>
<msg id="13" tool="trc">
  <type>LOAD_MODULE</type>
  <arg>/lib/x86_64-linux-gnu/libc.so.6</arg>
  <arg>0x7f159100a000</arg>
  <arg>0x7f15911ffdd7</arg>
  <arg>no</arg>
  <severity>INFO</severity>
  <timestamp>Sun May 18 01:43:23 2025</timestamp>
</msg>
<msg id="14" tool="trc">
  <type>LOAD_MODULE</type>
  <arg>/lib/x86_64-linux-gnu/librt.so.1</arg>
  <arg>0x7f1591720000</arg>
  <arg>0x7f159172400f</arg>
  <arg>no</arg>
  <severity>INFO</severity>
  <timestamp>Sun May 18 01:43:24 2025</timestamp>
</msg>
<msg id="15" tool="trc">
  <type>LOAD_MODULE</type>
  <arg>/lib/x86_64-linux-gnu/libgcc_s.so.1</arg>
  <arg>0x7f15916f3000</arg>
  <arg>0x7f159171f3a7</arg>
  <arg>no</arg>
  <severity>INFO</severity>
  <timestamp>Sun May 18 01:43:24 2025</timestamp>
</msg>
<msg id="16" tool="trc">
  <type>LOAD_MODULE</type>
  <arg>/lib/x86_64-linux-gnu/libpthread.so.0</arg>
  <arg>0x7f15916ee000</arg>
  <arg>0x7f15916f200f</arg>
  <arg>no</arg>
  <severity>INFO</severity>
  <timestamp>Sun May 18 01:43:24 2025</timestamp>
</msg>
<msg id="17" tool="trc">
  <type>LOAD_MODULE</type>
  <arg>/lib/x86_64-linux-gnu/libdl.so.2</arg>
  <arg>0x7f15916e3000</arg>
  <arg>0x7f15916e700f</arg>
  <arg>no</arg>
  <severity>INFO</severity>
  <timestamp>Sun May 18 01:43:24 2025</timestamp>
</msg>
<msg id="18" tool="trc">
  <type>LOAD_MODULE</type>
  <arg>/opt/intel/oneapi/advisor/2023.2.0/lib64/runtime/libittnotify.so</arg>
  <arg>0x7f158f600000</arg>
  <arg>0x7f158f80c65f</arg>
  <arg>no</arg>
  <severity>INFO</severity>
  <timestamp>Sun May 18 01:43:24 2025</timestamp>
</msg>
<msg id="19" tool="trc">
  <type>LOAD_MODULE</type>
  <arg>/opt/intel/oneapi/advisor/2023.2.0/lib64/libpinjitprofiling.so</arg>
  <arg>0x7f158f311000</arg>
  <arg>0x7f158f315017</arg>
  <arg>yes</arg>
  <severity>INFO</severity>
  <timestamp>Sun May 18 01:43:24 2025</timestamp>
</msg>
<msg id="20" tool="trc">
  <type>LOAD_MODULE</type>
  <arg>/lib/x86_64-linux-gnu/libstdc++.so.6</arg>
  <arg>0x7f158f000000</arg>
  <arg>0x7f158f2650bf</arg>
  <arg>no</arg>
  <severity>INFO</severity>
  <timestamp>Sun May 18 01:43:24 2025</timestamp>
</msg>
<msg id="21" tool="trc">
  <type>UNLOAD_MODULE</type>
  <arg>/users/cp2025/cp2025_014/Computacion-Paralela-2025-FaMAF/tiny_mc/headless</arg>
  <severity>INFO</severity>
  <timestamp>Sun May 18 02:02:36 2025</timestamp>
</msg>
<msg id="22" tool="trc">
  <type>UNLOAD_MODULE</type>
  <arg>/lib64/ld-linux-x86-64.so.2</arg>
  <severity>INFO</severity>
  <timestamp>Sun May 18 02:02:36 2025</timestamp>
</msg>
<msg id="23" tool="trc">
  <type>UNLOAD_MODULE</type>
  <arg>[vdso]</arg>
  <severity>INFO</severity>
  <timestamp>Sun May 18 02:02:36 2025</timestamp>
</msg>
<msg id="24" tool="trc">
  <type>UNLOAD_MODULE</type>
  <arg>/lib/x86_64-linux-gnu/libm.so.6</arg>
  <severity>INFO</severity>
  <timestamp>Sun May 18 02:02:36 2025</timestamp>
</msg>
<msg id="25" tool="trc">
  <type>UNLOAD_MODULE</type>
  <arg>/opt/intel/oneapi/compiler/2023.2.1/linux/compiler/lib/intel64_lin/libiomp5.so</arg>
  <severity>INFO</severity>
  <timestamp>Sun May 18 02:02:36 2025</timestamp>
</msg>
<msg id="26" tool="trc">
  <type>UNLOAD_MODULE</type>
  <arg>/lib/x86_64-linux-gnu/libc.so.6</arg>
  <severity>INFO</severity>
  <timestamp>Sun May 18 02:02:36 2025</timestamp>
</msg>
<msg id="27" tool="trc">
  <type>UNLOAD_MODULE</type>
  <arg>/lib/x86_64-linux-gnu/librt.so.1</arg>
  <severity>INFO</severity>
  <timestamp>Sun May 18 02:02:36 2025</timestamp>
</msg>
<msg id="28" tool="trc">
  <type>UNLOAD_MODULE</type>
  <arg>/lib/x86_64-linux-gnu/libgcc_s.so.1</arg>
  <severity>INFO</severity>
  <timestamp>Sun May 18 02:02:36 2025</timestamp>
</msg>
<msg id="29" tool="trc">
  <type>UNLOAD_MODULE</type>
  <arg>/lib/x86_64-linux-gnu/libpthread.so.0</arg>
  <severity>INFO</severity>
  <timestamp>Sun May 18 02:02:36 2025</timestamp>
</msg>
<msg id="30" tool="trc">
  <type>UNLOAD_MODULE</type>
  <arg>/lib/x86_64-linux-gnu/libdl.so.2</arg>
  <severity>INFO</severity>
  <timestamp>Sun May 18 02:02:36 2025</timestamp>
</msg>
<msg id="31" tool="trc">
  <type>UNLOAD_MODULE</type>
  <arg>/opt/intel/oneapi/advisor/2023.2.0/lib64/runtime/libittnotify.so</arg>
  <severity>INFO</severity>
  <timestamp>Sun May 18 02:02:36 2025</timestamp>
</msg>
<msg id="32" tool="trc">
  <type>UNLOAD_MODULE</type>
  <arg>/opt/intel/oneapi/advisor/2023.2.0/lib64/libpinjitprofiling.so</arg>
  <severity>INFO</severity>
  <timestamp>Sun May 18 02:02:36 2025</timestamp>
</msg>
<msg id="33" tool="trc">
  <type>UNLOAD_MODULE</type>
  <arg>DynamicCodeBin</arg>
  <severity>INFO</severity>
  <timestamp>Sun May 18 02:02:36 2025</timestamp>
</msg>
<msg id="34" tool="trc">
  <type>UNLOAD_MODULE</type>
  <arg>/lib/x86_64-linux-gnu/libstdc++.so.6</arg>
  <severity>INFO</severity>
  <timestamp>Sun May 18 02:02:36 2025</timestamp>
</msg>
<msg id="35" tool="trc">
  <type>PROCESS_FINISH</type>
  <arg>/users/cp2025/cp2025_014/Computacion-Paralela-2025-FaMAF/tiny_mc/headless</arg>
  <arg>2338686</arg>
  <arg>0x0</arg>
  <severity>INFO</severity>
  <timestamp>Sun May 18 02:02:36 2025</timestamp>
</msg>
<msg id="36" tool="runtool">
  <type>app-exit-code</type>
  <arg>0</arg>
</msg>
<msg id="37" tool="runtool">
  <type>marker-file</type>
  <arg>/users/cp2025/cp2025_014/Computacion-Paralela-2025-FaMAF/tiny_mc/advisor_project/e000/trc000/trc000.advixe</arg>
</msg>
<msg id="38" tool="runtool">
  <type>collector-done</type>
</msg>
<msg id="39" tool="runtool">
  <type>log-end</type>
  <arg>2025/05/18 02:02:40</arg>
</msg>

</log>

