0 [131780663753856] INFO perfrun.launcher <> - Launcher main begin
0 [131780663753856] INFO perfrun.launcher <> - MessageCatalogInit finished
0 [131780663753856] INFO perfrun.launcher <> - Launcher instance created
0 [131780663753856] INFO perfrun.launcher <> - argc = 7; cmdline = /opt/intel/oneapi/vtune/2025.1/bin64/amplxe-runss --ui-output-format xml --ui-output-fd 5 --option-file /home/camilo/Desktop/Computacion_Paralela/Laboratorios/original/tiny_mc/config/runss.options 
284 [131780663753856] INFO perfrun.perfcollector <> - SEP tool path: /opt/intel/oneapi/vtune/2025.1/bin64/sep
295 [131780663753856] INFO perfrun.launcher <> - create msngr2::ICliToolContext
295 [131780663753856] INFO perfrun.launcher <> - create file finder object
295 [131780663753856] INFO perfrun.launcher <> - create a result directory: pattern = /home/camilo/Desktop/Computacion_Paralela/Laboratorios/original/tiny_mc pid = 4294967295
296 [131780663753856] INFO perfrun.sdk <> - checked that the directory /home/camilo/Desktop/Computacion_Paralela/Laboratorios/original/tiny_mc is a local directory
296 [131780663753856] INFO perfrun.sdk <> - the directory /home/camilo/Desktop/Computacion_Paralela/Laboratorios/original/tiny_mc is a local directory with FS type ID 61267
296 [131780663753856] INFO perfrun.launcher <> - create data directory = /home/camilo/Desktop/Computacion_Paralela/Laboratorios/original/tiny_mc/data.0
296 [131780663753856] INFO perfrun.launcher <> - Creating the master collection flag
299 [131780663753856] INFO perfrun.launcher <> - Done creating the master collection flag
300 [131780503922368] INFO perfrun.launcher <> - plugin [remoteplug] was disabled because it doesn't support the given collection type.
300 [131780503922368] INFO perfrun.sdk <> - Allocating TMU :/home/camilo/Desktop/Computacion_Paralela/Laboratorios/original/tiny_mc/data.0/systemcollector-29711-Camilo649.sc
300 [131780503922368] INFO perfrun.system <> - Tpss based collection
300 [131780503922368] INFO perfrun.launcher <> - plugin [ptracecollector] was disabled because it doesn't support the given collection type.
300 [131780503922368] INFO perfrun.launcher <> - plugin [gpu] was disabled because it doesn't support the given collection type.
300 [131780503922368] INFO perfrun.launcher <> - plugin [] was disabled because it doesn't support the given collection type.
300 [131780503922368] INFO perfrun.launcher <> - plugin [] was disabled because it doesn't support the given collection type.
300 [131780503922368] INFO perfrun.launcher <> - plugin [] was disabled because it doesn't support the given collection type.
300 [131780503922368] INFO perfrun.mrte <> - system-wide mode is 0
300 [131780503922368] INFO perfrun.mrte <> - Getting  mrte profiling environment ...
306 [131780503922368] INFO perfrun.mrte <> - INTEL_MRTE_DATA_DIR=/home/camilo/Desktop/Computacion_Paralela/Laboratorios/original/tiny_mc/data.0
306 [131780503922368] INFO perfrun.mrte <> - INTEL_MRTE_HOST_NAME=Camilo649
306 [131780503922368] INFO perfrun.mrte <> - JAVA_TOOL_OPTIONS=-agentlib:amplxe_samplingmrte_javaprof_1.0 -Dsun.boot.library.path=/opt/intel/oneapi/vtune/2025.1/lib32/runtime:/opt/intel/oneapi/vtune/2025.1/lib64/runtime
306 [131780503922368] INFO perfrun.mrte <> - LD_LIBRARY_PATH=/opt/intel/oneapi/vtune/2025.1/lib32/runtime:/opt/intel/oneapi/vtune/2025.1/lib64/runtime:/opt/intel/oneapi/tcm/1.3/lib:/opt/intel/oneapi/umf/0.10/lib:/opt/intel/oneapi/tbb/2022.1/env/../lib/intel64/gcc4.8:/opt/intel/oneapi/debugger/2025.1/opt/debugger/lib:/opt/intel/oneapi/compiler/2025.1/opt/compiler/lib:/opt/intel/oneapi/compiler/2025.1/lib
306 [131780503922368] INFO perfrun.mrte <> - CORECLR_ENABLE_PROFILING=1
306 [131780503922368] INFO perfrun.mrte <> - CORECLR_PROFILER={AA5E4821-E3B1-479c-B7FF-5AD047D22CED}
307 [131780503922368] INFO perfrun.mrte <> - CORECLR_PROFILER_PATH=/opt/intel/oneapi/vtune/2025.1/lib64/libamplxe_samplingmrte_clrprof_1.0.so
307 [131780503922368] INFO perfrun.mrte <> - INTEL_MRTE_PROFILER_MODE=mixed
307 [131780503922368] INFO perfrun.mrte <> - Data directory: /home/camilo/Desktop/Computacion_Paralela/Laboratorios/original/tiny_mc/data.0
307 [131780503922368] INFO perfrun.mrte <> - Mrte plugin is initialized
307 [131780503922368] INFO perfrun.launcher <> - plugin [emon] was disabled because it doesn't support the given collection type.
307 [131780503922368] INFO perfrun.launcher <> - plugin [cuscol] was disabled because it doesn't support the given collection type.
307 [131780503922368] INFO perfrun.launcher <> - plugin [stdsrc] was disabled because it doesn't support the given collection type.
307 [131780503922368] INFO perfrun.launcher <> - plugin [sep] was disabled because it doesn't support the given collection type.
307 [131780503922368] INFO perfrun.launcher <> - plugin [vtsspp] was disabled because it doesn't support the given collection type.
307 [131780503922368] INFO perfrun.perfcollector <> - Platform type: 152
307 [131780503922368] INFO perfrun.sdk <> - Reading value (4) from file: /proc/sys/kernel/perf_event_paranoid
307 [131780503922368] INFO perfrun.perfcollector <> - dir found: /sys/bus/event_source/devices/software
307 [131780503922368] INFO perfrun.perfcollector <> - format: pmu format subdir doesn't exist
307 [131780503922368] INFO perfrun.perfcollector <> - hwInfo: not set, pmuFam: software
307 [131780503922368] INFO perfrun.perfcollector <> - pmu added: software, idx: 0
307 [131780503922368] INFO perfrun.perfcollector <> - dir found: /sys/bus/event_source/devices/uncore_imc_free_running_1
307 [131780503922368] INFO perfrun.perfcollector <> - format: event: config:0-7, mask:0-7
307 [131780503922368] INFO perfrun.perfcollector <> - format: umask: config:8-15, mask:8-15
307 [131780503922368] INFO perfrun.perfcollector <> - hwInfo: not set, pmuFam: uncore_imc_free_running
307 [131780503922368] INFO perfrun.perfcollector <> - pmu caps: raw,format,events
307 [131780503922368] INFO perfrun.perfcollector <> - pmu added: uncore_imc_free_running, idx: 1
307 [131780503922368] INFO perfrun.perfcollector <> - dir found: /sys/bus/event_source/devices/uncore_arb_0
307 [131780503922368] INFO perfrun.perfcollector <> - format: event: config:0-7, mask:0-7
307 [131780503922368] INFO perfrun.perfcollector <> - format: edge: config:18, mask:18
307 [131780503922368] INFO perfrun.perfcollector <> - format: inv: config:23, mask:23
307 [131780503922368] INFO perfrun.perfcollector <> - format: umask: config:8-15, mask:8-15
307 [131780503922368] INFO perfrun.perfcollector <> - format: cmask: config:24-28, mask:24-28
307 [131780503922368] INFO perfrun.perfcollector <> - hwInfo: not set, pmuFam: uncore_arb
307 [131780503922368] INFO perfrun.perfcollector <> - pmu caps: raw,format
307 [131780503922368] INFO perfrun.perfcollector <> - pmu added: uncore_arb, idx: 0
307 [131780503922368] INFO perfrun.perfcollector <> - dir found: /sys/bus/event_source/devices/cpu_core
307 [131780503922368] INFO perfrun.perfcollector <> - format: event: config:0-7, mask:0-7
307 [131780503922368] INFO perfrun.perfcollector <> - format: pc: config:19, mask:19
307 [131780503922368] INFO perfrun.perfcollector <> - format: edge: config:18, mask:18
307 [131780503922368] INFO perfrun.perfcollector <> - format: offcore_rsp: config1:0-63, mask:0-63
307 [131780503922368] INFO perfrun.perfcollector <> - format: ldlat: config1:0-15, mask:0-15
307 [131780503922368] INFO perfrun.perfcollector <> - format: inv: config:23, mask:23
307 [131780503922368] INFO perfrun.perfcollector <> - format: umask: config:8-15, mask:8-15
307 [131780503922368] INFO perfrun.perfcollector <> - format: frontend: config1:0-23, mask:0-23
307 [131780503922368] INFO perfrun.perfcollector <> - format: cmask: config:24-31, mask:24-31
307 [131780503922368] INFO perfrun.perfcollector <> - hwInfo: PERF_CPU_PMU_DETAILS
307 [131780503922368] INFO perfrun.perfcollector <> - pmu caps: raw,format,events,ldlat,frontend,offcore_rsp
307 [131780503922368] INFO perfrun.perfcollector <> - pmu added: cpu_core, idx: 0
307 [131780503922368] INFO perfrun.perfcollector <> - dir found: /sys/bus/event_source/devices/uncore_clock
307 [131780503922368] INFO perfrun.perfcollector <> - format: event: config:0-7, mask:0-7
307 [131780503922368] INFO perfrun.perfcollector <> - hwInfo: not set, pmuFam: uncore_clock
307 [131780503922368] INFO perfrun.perfcollector <> - pmu caps: raw,format,events
307 [131780503922368] INFO perfrun.perfcollector <> - pmu added: uncore_clock, idx: 0
307 [131780503922368] INFO perfrun.perfcollector <> - dir found: /sys/bus/event_source/devices/uncore_imc_1
307 [131780503922368] INFO perfrun.perfcollector <> - format: event: config:0-7, mask:0-7
307 [131780503922368] INFO perfrun.perfcollector <> - format: edge: config:18, mask:18
307 [131780503922368] INFO perfrun.perfcollector <> - format: chmask: config:8-11, mask:8-11
307 [131780503922368] INFO perfrun.perfcollector <> - hwInfo: PERF_IMC_PMU_DETAILS
307 [131780503922368] INFO perfrun.perfcollector <> - pmu caps: raw,format
307 [131780503922368] INFO perfrun.perfcollector <> - pmu added: uncore_imc, idx: 1
307 [131780503922368] INFO perfrun.perfcollector <> - dir found: /sys/bus/event_source/devices/power
307 [131780503922368] INFO perfrun.perfcollector <> - format: event: config:0-7, mask:0-7
307 [131780503922368] INFO perfrun.perfcollector <> - hwInfo: not set, pmuFam: power
307 [131780503922368] INFO perfrun.perfcollector <> - pmu caps: raw,format,events
307 [131780503922368] INFO perfrun.perfcollector <> - pmu added: power, idx: 0
307 [131780503922368] INFO perfrun.perfcollector <> - dir found: /sys/bus/event_source/devices/uprobe
307 [131780503922368] INFO perfrun.perfcollector <> - format: ref_ctr_offset: config:32-63, mask:32-63
307 [131780503922368] INFO perfrun.perfcollector <> - format: retprobe: config:0, mask:0
307 [131780503922368] INFO perfrun.perfcollector <> - hwInfo: not set, pmuFam: uprobe
307 [131780503922368] INFO perfrun.perfcollector <> - pmu caps: raw,format
307 [131780503922368] INFO perfrun.perfcollector <> - pmu added: uprobe, idx: 0
307 [131780503922368] INFO perfrun.perfcollector <> - dir found: /sys/bus/event_source/devices/intel_bts
307 [131780503922368] INFO perfrun.perfcollector <> - format: pmu format subdir doesn't exist
307 [131780503922368] INFO perfrun.perfcollector <> - hwInfo: not set, pmuFam: intel_bts
307 [131780503922368] INFO perfrun.perfcollector <> - pmu added: intel_bts, idx: 0
307 [131780503922368] INFO perfrun.perfcollector <> - dir found: /sys/bus/event_source/devices/cpu_atom
307 [131780503922368] INFO perfrun.perfcollector <> - format: event: config:0-7, mask:0-7
307 [131780503922368] INFO perfrun.perfcollector <> - format: pc: config:19, mask:19
307 [131780503922368] INFO perfrun.perfcollector <> - format: edge: config:18, mask:18
307 [131780503922368] INFO perfrun.perfcollector <> - format: offcore_rsp: config1:0-63, mask:0-63
307 [131780503922368] INFO perfrun.perfcollector <> - format: ldlat: config1:0-15, mask:0-15
307 [131780503922368] INFO perfrun.perfcollector <> - format: inv: config:23, mask:23
307 [131780503922368] INFO perfrun.perfcollector <> - format: umask: config:8-15, mask:8-15
307 [131780503922368] INFO perfrun.perfcollector <> - format: cmask: config:24-31, mask:24-31
307 [131780503922368] INFO perfrun.perfcollector <> - hwInfo: PERF_CPU_PMU_DETAILS
307 [131780503922368] INFO perfrun.perfcollector <> - pmu caps: raw,format,events,ldlat,offcore_rsp
307 [131780503922368] INFO perfrun.perfcollector <> - pmu added: cpu_atom, idx: 0
307 [131780503922368] INFO perfrun.perfcollector <> - dir found: /sys/bus/event_source/devices/cstate_core
307 [131780503922368] INFO perfrun.perfcollector <> - format: event: config:0-63, mask:0-63
307 [131780503922368] INFO perfrun.perfcollector <> - hwInfo: not set, pmuFam: cstate_core
307 [131780503922368] INFO perfrun.perfcollector <> - pmu caps: raw,format,events
307 [131780503922368] INFO perfrun.perfcollector <> - pmu added: cstate_core, idx: 0
307 [131780503922368] INFO perfrun.perfcollector <> - dir found: /sys/bus/event_source/devices/uncore_cbox_2
307 [131780503922368] INFO perfrun.perfcollector <> - format: event: config:0-7, mask:0-7
307 [131780503922368] INFO perfrun.perfcollector <> - format: edge: config:18, mask:18
307 [131780503922368] INFO perfrun.perfcollector <> - format: threshold: config:24-29, mask:24-29
307 [131780503922368] INFO perfrun.perfcollector <> - format: inv: config:23, mask:23
307 [131780503922368] INFO perfrun.perfcollector <> - format: umask: config:8-15, mask:8-15
307 [131780503922368] INFO perfrun.perfcollector <> - hwInfo: PERF_CBOX_PMU_DETAILS
307 [131780503922368] INFO perfrun.perfcollector <> - pmu caps: raw,format
307 [131780503922368] INFO perfrun.perfcollector <> - pmu added: uncore_cbox, idx: 2
307 [131780503922368] INFO perfrun.perfcollector <> - dir found: /sys/bus/event_source/devices/breakpoint
307 [131780503922368] INFO perfrun.perfcollector <> - format: pmu format subdir doesn't exist
307 [131780503922368] INFO perfrun.perfcollector <> - hwInfo: not set, pmuFam: breakpoint
307 [131780503922368] INFO perfrun.perfcollector <> - pmu added: breakpoint, idx: 0
307 [131780503922368] INFO perfrun.perfcollector <> - dir found: /sys/bus/event_source/devices/uncore_arb_1
307 [131780503922368] INFO perfrun.perfcollector <> - format: event: config:0-7, mask:0-7
307 [131780503922368] INFO perfrun.perfcollector <> - format: edge: config:18, mask:18
307 [131780503922368] INFO perfrun.perfcollector <> - format: inv: config:23, mask:23
307 [131780503922368] INFO perfrun.perfcollector <> - format: umask: config:8-15, mask:8-15
307 [131780503922368] INFO perfrun.perfcollector <> - format: cmask: config:24-28, mask:24-28
307 [131780503922368] INFO perfrun.perfcollector <> - hwInfo: not set, pmuFam: uncore_arb
307 [131780503922368] INFO perfrun.perfcollector <> - pmu caps: raw,format
307 [131780503922368] INFO perfrun.perfcollector <> - pmu added: uncore_arb, idx: 1
307 [131780503922368] INFO perfrun.perfcollector <> - dir found: /sys/bus/event_source/devices/uncore_cbox_0
307 [131780503922368] INFO perfrun.perfcollector <> - format: event: config:0-7, mask:0-7
307 [131780503922368] INFO perfrun.perfcollector <> - format: edge: config:18, mask:18
307 [131780503922368] INFO perfrun.perfcollector <> - format: threshold: config:24-29, mask:24-29
307 [131780503922368] INFO perfrun.perfcollector <> - format: inv: config:23, mask:23
307 [131780503922368] INFO perfrun.perfcollector <> - format: umask: config:8-15, mask:8-15
307 [131780503922368] INFO perfrun.perfcollector <> - hwInfo: PERF_CBOX_PMU_DETAILS
307 [131780503922368] INFO perfrun.perfcollector <> - pmu caps: raw,format
307 [131780503922368] INFO perfrun.perfcollector <> - pmu added: uncore_cbox, idx: 0
307 [131780503922368] INFO perfrun.perfcollector <> - dir found: /sys/bus/event_source/devices/tracepoint
307 [131780503922368] INFO perfrun.perfcollector <> - format: pmu format subdir doesn't exist
307 [131780503922368] INFO perfrun.perfcollector <> - hwInfo: not set, pmuFam: tracepoint
307 [131780503922368] INFO perfrun.perfcollector <> - pmu added: tracepoint, idx: 0
307 [131780503922368] INFO perfrun.perfcollector <> - dir found: /sys/bus/event_source/devices/cstate_pkg
307 [131780503922368] INFO perfrun.perfcollector <> - format: event: config:0-63, mask:0-63
307 [131780503922368] INFO perfrun.perfcollector <> - hwInfo: not set, pmuFam: cstate_pkg
307 [131780503922368] INFO perfrun.perfcollector <> - pmu caps: raw,format,events
307 [131780503922368] INFO perfrun.perfcollector <> - pmu added: cstate_pkg, idx: 0
307 [131780503922368] INFO perfrun.perfcollector <> - dir found: /sys/bus/event_source/devices/uncore_imc_free_running_0
307 [131780503922368] INFO perfrun.perfcollector <> - format: event: config:0-7, mask:0-7
307 [131780503922368] INFO perfrun.perfcollector <> - format: umask: config:8-15, mask:8-15
307 [131780503922368] INFO perfrun.perfcollector <> - hwInfo: not set, pmuFam: uncore_imc_free_running
307 [131780503922368] INFO perfrun.perfcollector <> - pmu caps: raw,format,events
307 [131780503922368] INFO perfrun.perfcollector <> - pmu added: uncore_imc_free_running, idx: 0
307 [131780503922368] INFO perfrun.perfcollector <> - dir found: /sys/bus/event_source/devices/kprobe
307 [131780503922368] INFO perfrun.perfcollector <> - format: retprobe: config:0, mask:0
307 [131780503922368] INFO perfrun.perfcollector <> - hwInfo: not set, pmuFam: kprobe
307 [131780503922368] INFO perfrun.perfcollector <> - pmu caps: raw,format
307 [131780503922368] INFO perfrun.perfcollector <> - pmu added: kprobe, idx: 0
307 [131780503922368] INFO perfrun.perfcollector <> - dir found: /sys/bus/event_source/devices/uncore_imc_0
307 [131780503922368] INFO perfrun.perfcollector <> - format: event: config:0-7, mask:0-7
307 [131780503922368] INFO perfrun.perfcollector <> - format: edge: config:18, mask:18
307 [131780503922368] INFO perfrun.perfcollector <> - format: chmask: config:8-11, mask:8-11
307 [131780503922368] INFO perfrun.perfcollector <> - hwInfo: PERF_IMC_PMU_DETAILS
307 [131780503922368] INFO perfrun.perfcollector <> - pmu caps: raw,format
307 [131780503922368] INFO perfrun.perfcollector <> - pmu added: uncore_imc, idx: 0
307 [131780503922368] INFO perfrun.perfcollector <> - dir found: /sys/bus/event_source/devices/i915
307 [131780503922368] INFO perfrun.perfcollector <> - format: i915_eventid: config:0-20, mask:0-20
307 [131780503922368] INFO perfrun.perfcollector <> - hwInfo: not set, pmuFam: i915
307 [131780503922368] INFO perfrun.perfcollector <> - pmu caps: raw,format,events
307 [131780503922368] INFO perfrun.perfcollector <> - pmu added: i915, idx: 0
307 [131780503922368] INFO perfrun.perfcollector <> - dir found: /sys/bus/event_source/devices/msr
307 [131780503922368] INFO perfrun.perfcollector <> - format: event: config:0-63, mask:0-63
307 [131780503922368] INFO perfrun.perfcollector <> - hwInfo: not set, pmuFam: msr
307 [131780503922368] INFO perfrun.perfcollector <> - pmu caps: raw,format,events
307 [131780503922368] INFO perfrun.perfcollector <> - pmu added: msr, idx: 0
307 [131780503922368] INFO perfrun.perfcollector <> - dir found: /sys/bus/event_source/devices/uncore_cbox_3
307 [131780503922368] INFO perfrun.perfcollector <> - format: event: config:0-7, mask:0-7
307 [131780503922368] INFO perfrun.perfcollector <> - format: edge: config:18, mask:18
307 [131780503922368] INFO perfrun.perfcollector <> - format: threshold: config:24-29, mask:24-29
307 [131780503922368] INFO perfrun.perfcollector <> - format: inv: config:23, mask:23
307 [131780503922368] INFO perfrun.perfcollector <> - format: umask: config:8-15, mask:8-15
307 [131780503922368] INFO perfrun.perfcollector <> - hwInfo: PERF_CBOX_PMU_DETAILS
307 [131780503922368] INFO perfrun.perfcollector <> - pmu caps: raw,format
307 [131780503922368] INFO perfrun.perfcollector <> - pmu added: uncore_cbox, idx: 3
307 [131780503922368] INFO perfrun.perfcollector <> - dir found: /sys/bus/event_source/devices/intel_pt
307 [131780503922368] INFO perfrun.perfcollector <> - format: ptw: config:12, mask:12
307 [131780503922368] INFO perfrun.perfcollector <> - format: event: config:31, mask:31
307 [131780503922368] INFO perfrun.perfcollector <> - format: cyc_thresh: config:19-22, mask:19-22
307 [131780503922368] INFO perfrun.perfcollector <> - format: pt: config:0, mask:0
307 [131780503922368] INFO perfrun.perfcollector <> - format: notnt: config:55, mask:55
307 [131780503922368] INFO perfrun.perfcollector <> - format: branch: config:13, mask:13
307 [131780503922368] INFO perfrun.perfcollector <> - format: tsc: config:10, mask:10
307 [131780503922368] INFO perfrun.perfcollector <> - format: pwr_evt: config:4, mask:4
307 [131780503922368] INFO perfrun.perfcollector <> - format: fup_on_ptw: config:5, mask:5
307 [131780503922368] INFO perfrun.perfcollector <> - format: cyc: config:1, mask:1
307 [131780503922368] INFO perfrun.perfcollector <> - format: noretcomp: config:11, mask:11
307 [131780503922368] INFO perfrun.perfcollector <> - format: mtc: config:9, mask:9
307 [131780503922368] INFO perfrun.perfcollector <> - format: psb_period: config:24-27, mask:24-27
307 [131780503922368] INFO perfrun.perfcollector <> - format: mtc_period: config:14-17, mask:14-17
307 [131780503922368] INFO perfrun.perfcollector <> - hwInfo: not set, pmuFam: intel_pt
307 [131780503922368] INFO perfrun.perfcollector <> - pmu caps: raw,format
307 [131780503922368] INFO perfrun.perfcollector <> - pmu added: intel_pt, idx: 0
307 [131780503922368] INFO perfrun.perfcollector <> - dir found: /sys/bus/event_source/devices/uncore_cbox_1
307 [131780503922368] INFO perfrun.perfcollector <> - format: event: config:0-7, mask:0-7
307 [131780503922368] INFO perfrun.perfcollector <> - format: edge: config:18, mask:18
307 [131780503922368] INFO perfrun.perfcollector <> - format: threshold: config:24-29, mask:24-29
307 [131780503922368] INFO perfrun.perfcollector <> - format: inv: config:23, mask:23
307 [131780503922368] INFO perfrun.perfcollector <> - format: umask: config:8-15, mask:8-15
308 [131780503922368] INFO perfrun.perfcollector <> - hwInfo: PERF_CBOX_PMU_DETAILS
308 [131780503922368] INFO perfrun.perfcollector <> - pmu caps: raw,format
308 [131780503922368] INFO perfrun.perfcollector <> - pmu added: uncore_cbox, idx: 1
308 [131780503922368] INFO perfrun.perfcollector <> - checking access to: /opt/intel/oneapi/vtune/2025.1/bin64/amplxe-perf-priv
308 [131780503922368] INFO perfrun.perfcollector <> - Perf tool path: /opt/intel/oneapi/vtune/2025.1/bin64/amplxe-perf
308 [131780503922368] INFO perfrun.perfcollector <> - Data directory: /home/camilo/Desktop/Computacion_Paralela/Laboratorios/original/tiny_mc/data.0
308 [131780503922368] INFO perfrun.perfcollector <> - Temp directory: /tmp/amplxe-tmp-root
308 [131780503922368] INFO perfrun.perfcollector <> - Perf sync path: /opt/intel/oneapi/vtune/2025.1/bin64/amplxe-perf-sync
308 [131780503922368] INFO perfrun.perfcollector <> - Hypervisor = None
308 [131780503922368] INFO perfrun.perfcollector <> - Counting mode is requested
308 [131780503922368] INFO perfrun.perfcollector <> - Sample after multiplier: 1
308 [131780503922368] INFO perfrun.sdk <> - runCmd: /opt/intel/oneapi/vtune/2025.1/bin64/sep -dry-run -sam 1 -ec CPU_CLK_UNHALTED.THREAD:sa=2600000,CPU_CLK_UNHALTED.REF_TSC:sample:sa=2600000,INST_RETIRED.ANY:sample:sa=2600000,CPU_CLK_UNHALTED.DISTRIBUTED:sa=2600000,FP_ARITH_INST_RETIRED.SCALAR_SINGLE:sa=2000003,FP_ARITH_INST_RETIRED.128B_PACKED_SINGLE:sa=2000003,FP_ARITH_INST_RETIRED.256B_PACKED_SINGLE:sa=2000003,FP_ARITH_INST_RETIRED.SCALAR_DOUBLE:sa=2000003,FP_ARITH_INST_RETIRED.128B_PACKED_DOUBLE:sa=2000003,FP_ARITH_INST_RETIRED.256B_PACKED_DOUBLE:sa=2000003,UOPS_EXECUTED.X87:sa=2000003,UOPS_RETIRED.SLOTS:sa=2000003,UOPS_EXECUTED.THREAD:sa=2000003,TOPDOWN.SLOTS:sample:sa=2000003,TOPDOWN.SLOTS_P:sample:sa=2000003,TOPDOWN_RETIRING.ALL_P:sample:sa=2000003 -experimental
308 [131780503922368] INFO perfrun.sdk <> - runCmd started PID 29715
319 [131780503922368] INFO perfrun.perfcollector <> - SepDryRun RC = true
319 [131780503922368] INFO perfrun.perfcollector <> - Loading SEP event configuration
319 [131780503922368] INFO perfrun.perfcollector <> - pmu: cpu_core
319 [131780503922368] INFO perfrun.perfcollector <> - group_id: 0
319 [131780503922368] INFO perfrun.perfcollector <> - event_id: 2: INST_RETIRED.ANY
319 [131780503922368] INFO perfrun.perfcollector <> - event_id: 0: CPU_CLK_UNHALTED.THREAD
319 [131780503922368] INFO perfrun.perfcollector <> - event_id: 1: CPU_CLK_UNHALTED.REF_TSC
319 [131780503922368] INFO perfrun.perfcollector <> - event_id: 13: TOPDOWN.SLOTS
319 [131780503922368] INFO perfrun.perfcollector <> - event_id: 3: CPU_CLK_UNHALTED.DISTRIBUTED
319 [131780503922368] INFO perfrun.perfcollector <> - event_id: 4: FP_ARITH_INST_RETIRED.SCALAR_SINGLE
319 [131780503922368] INFO perfrun.perfcollector <> - event_id: 5: FP_ARITH_INST_RETIRED.128B_PACKED_SINGLE
319 [131780503922368] INFO perfrun.perfcollector <> - event_id: 6: FP_ARITH_INST_RETIRED.256B_PACKED_SINGLE
319 [131780503922368] INFO perfrun.perfcollector <> - event_id: 7: FP_ARITH_INST_RETIRED.SCALAR_DOUBLE
319 [131780503922368] INFO perfrun.perfcollector <> - event_id: 8: FP_ARITH_INST_RETIRED.128B_PACKED_DOUBLE
319 [131780503922368] INFO perfrun.perfcollector <> - event_id: 9: FP_ARITH_INST_RETIRED.256B_PACKED_DOUBLE
319 [131780503922368] INFO perfrun.perfcollector <> - event_id: 10: UOPS_EXECUTED.X87
319 [131780503922368] INFO perfrun.perfcollector <> - group_id: 0: pebs_enable: addr: 3f1, value: f000000ff
319 [131780503922368] INFO perfrun.perfcollector <> - event_id: 3: cccr: addr: 186, value: 4302ec
319 [131780503922368] INFO perfrun.perfcollector <> - event_id: 4: cccr: addr: 187, value: 4302c7
319 [131780503922368] INFO perfrun.perfcollector <> - event_id: 5: cccr: addr: 188, value: 4308c7
319 [131780503922368] INFO perfrun.perfcollector <> - event_id: 6: cccr: addr: 189, value: 4320c7
319 [131780503922368] INFO perfrun.perfcollector <> - event_id: 7: cccr: addr: 18a, value: 4301c7
319 [131780503922368] INFO perfrun.perfcollector <> - event_id: 8: cccr: addr: 18b, value: 4304c7
319 [131780503922368] INFO perfrun.perfcollector <> - event_id: 9: cccr: addr: 18c, value: 4310c7
319 [131780503922368] INFO perfrun.perfcollector <> - event_id: 10: cccr: addr: 18d, value: 4310b1
319 [131780503922368] INFO perfrun.perfcollector <> - event_id: 2: data: addr: 309, value: ffffffffffd853c0
319 [131780503922368] INFO perfrun.perfcollector <> - event_id: 0: data: addr: 30a, value: ffffffffffd853c0
319 [131780503922368] INFO perfrun.perfcollector <> - event_id: 1: data: addr: 30b, value: ffffffffffd853c0
319 [131780503922368] INFO perfrun.perfcollector <> - event_id: 13: data: addr: 30c, value: ffffffffffe17b7d
319 [131780503922368] INFO perfrun.perfcollector <> - event_id: 3: data: addr: c1, value: ffffffffffd853c0
319 [131780503922368] INFO perfrun.perfcollector <> - event_id: 4: data: addr: c2, value: ffffffffffe17b7d
319 [131780503922368] INFO perfrun.perfcollector <> - event_id: 5: data: addr: c3, value: ffffffffffe17b7d
319 [131780503922368] INFO perfrun.perfcollector <> - event_id: 6: data: addr: c4, value: ffffffffffe17b7d
319 [131780503922368] INFO perfrun.perfcollector <> - event_id: 7: data: addr: c5, value: ffffffffffe17b7d
319 [131780503922368] INFO perfrun.perfcollector <> - event_id: 8: data: addr: c6, value: ffffffffffe17b7d
319 [131780503922368] INFO perfrun.perfcollector <> - event_id: 9: data: addr: c7, value: ffffffffffe17b7d
319 [131780503922368] INFO perfrun.perfcollector <> - event_id: 10: data: addr: c8, value: ffffffffffe17b7d
319 [131780503922368] INFO perfrun.perfcollector <> - group_id: 1
320 [131780503922368] INFO perfrun.perfcollector <> - event_id: 2: INST_RETIRED.ANY
320 [131780503922368] INFO perfrun.perfcollector <> - event_id: 0: CPU_CLK_UNHALTED.THREAD
320 [131780503922368] INFO perfrun.perfcollector <> - event_id: 1: CPU_CLK_UNHALTED.REF_TSC
320 [131780503922368] INFO perfrun.perfcollector <> - event_id: 13: TOPDOWN.SLOTS
320 [131780503922368] INFO perfrun.perfcollector <> - event_id: 11: UOPS_RETIRED.SLOTS
320 [131780503922368] INFO perfrun.perfcollector <> - event_id: 12: UOPS_EXECUTED.THREAD
320 [131780503922368] INFO perfrun.perfcollector <> - event_id: 14: TOPDOWN.SLOTS_P
320 [131780503922368] INFO perfrun.perfcollector <> - group_id: 1: pebs_enable: addr: 3f1, value: f00000007
320 [131780503922368] INFO perfrun.perfcollector <> - event_id: 11: cccr: addr: 186, value: 4302c2
320 [131780503922368] INFO perfrun.perfcollector <> - event_id: 12: cccr: addr: 187, value: 4301b1
320 [131780503922368] INFO perfrun.perfcollector <> - event_id: 14: cccr: addr: 188, value: 4301a4
320 [131780503922368] INFO perfrun.perfcollector <> - event_id: 2: data: addr: 309, value: ffffffffffd853c0
320 [131780503922368] INFO perfrun.perfcollector <> - event_id: 0: data: addr: 30a, value: ffffffffffd853c0
320 [131780503922368] INFO perfrun.perfcollector <> - event_id: 1: data: addr: 30b, value: ffffffffffd853c0
320 [131780503922368] INFO perfrun.perfcollector <> - event_id: 13: data: addr: 30c, value: ffffffffffe17b7d
320 [131780503922368] INFO perfrun.perfcollector <> - event_id: 11: data: addr: c1, value: ffffffffffe17b7d
320 [131780503922368] INFO perfrun.perfcollector <> - event_id: 12: data: addr: c2, value: ffffffffffe17b7d
320 [131780503922368] INFO perfrun.perfcollector <> - event_id: 14: data: addr: c3, value: ffffffffffe17b7d
320 [131780503922368] INFO perfrun.perfcollector <> - pmu: cpu_atom
320 [131780503922368] INFO perfrun.perfcollector <> - group_id: 0
320 [131780503922368] INFO perfrun.perfcollector <> - event_id: 2: INST_RETIRED.ANY
320 [131780503922368] INFO perfrun.perfcollector <> - event_id: 0: CPU_CLK_UNHALTED.THREAD
320 [131780503922368] INFO perfrun.perfcollector <> - event_id: 1: CPU_CLK_UNHALTED.REF_TSC
320 [131780503922368] INFO perfrun.perfcollector <> - group_id: 0: pebs_enable: addr: 3f1, value: 700000000
320 [131780503922368] INFO perfrun.perfcollector <> - event_id: 2: data: addr: 309, value: ffffffffffd853c0
320 [131780503922368] INFO perfrun.perfcollector <> - event_id: 0: data: addr: 30a, value: ffffffffffd853c0
320 [131780503922368] INFO perfrun.perfcollector <> - event_id: 1: data: addr: 30b, value: ffffffffffd853c0
320 [131780503922368] INFO perfrun.perfcollector <> - Converting events to Perf format
320 [131780503922368] INFO perfrun.perfcollector <> - event: 0: CPU_CLK_UNHALTED.THREAD
320 [131780503922368] INFO perfrun.perfcollector <> - cccr: addr: ffffffff, value: 0
320 [131780503922368] INFO perfrun.perfcollector <> - data: addr: 30a, value: ffffffffffd853c0
320 [131780503922368] INFO perfrun.perfcollector <> - pebs_enable: 700000000
320 [131780503922368] INFO perfrun.perfcollector <> - pmu config: cpu_atom
320 [131780503922368] INFO perfrun.perfcollector <> - config: cmask: 0
320 [131780503922368] INFO perfrun.perfcollector <> - config: edge: 0
320 [131780503922368] INFO perfrun.perfcollector <> - config: event: 3c
320 [131780503922368] INFO perfrun.perfcollector <> - config: inv: 0
320 [131780503922368] INFO perfrun.perfcollector <> - config1: ldlat: 0
320 [131780503922368] INFO perfrun.perfcollector <> - config1: offcore_rsp: 0
320 [131780503922368] INFO perfrun.perfcollector <> - config: pc: 0
320 [131780503922368] INFO perfrun.perfcollector <> - config: umask: 0
320 [131780503922368] INFO perfrun.perfcollector <> - format: cpu_atom/event=0x3c,name='CPU_CLK_UNHALTED.THREAD[ATOM]'/D
320 [131780503922368] INFO perfrun.perfcollector <> - precise event: extended pebs bit is enabled
320 [131780503922368] INFO perfrun.perfcollector <> - event: 1: CPU_CLK_UNHALTED.REF_TSC
320 [131780503922368] INFO perfrun.perfcollector <> - cccr: addr: ffffffff, value: 0
320 [131780503922368] INFO perfrun.perfcollector <> - data: addr: 30b, value: ffffffffffd853c0
320 [131780503922368] INFO perfrun.perfcollector <> - pebs_enable: 700000000
320 [131780503922368] INFO perfrun.perfcollector <> - pmu config: cpu_atom
320 [131780503922368] INFO perfrun.perfcollector <> - config: cmask: 0
320 [131780503922368] INFO perfrun.perfcollector <> - config: edge: 0
320 [131780503922368] INFO perfrun.perfcollector <> - config: event: 0
320 [131780503922368] INFO perfrun.perfcollector <> - config: inv: 0
320 [131780503922368] INFO perfrun.perfcollector <> - config1: ldlat: 0
320 [131780503922368] INFO perfrun.perfcollector <> - config1: offcore_rsp: 0
320 [131780503922368] INFO perfrun.perfcollector <> - config: pc: 0
320 [131780503922368] INFO perfrun.perfcollector <> - config: umask: 3
320 [131780503922368] INFO perfrun.perfcollector <> - format: cpu_atom/umask=0x3,name='CPU_CLK_UNHALTED.REF_TSC[ATOM]'/D
320 [131780503922368] INFO perfrun.perfcollector <> - precise event: extended pebs bit is enabled
320 [131780503922368] INFO perfrun.perfcollector <> - event: 2: INST_RETIRED.ANY
320 [131780503922368] INFO perfrun.perfcollector <> - cccr: addr: ffffffff, value: 0
320 [131780503922368] INFO perfrun.perfcollector <> - data: addr: 309, value: ffffffffffd853c0
320 [131780503922368] INFO perfrun.perfcollector <> - pebs_enable: 700000000
320 [131780503922368] INFO perfrun.perfcollector <> - pmu config: cpu_atom
320 [131780503922368] INFO perfrun.perfcollector <> - config: cmask: 0
320 [131780503922368] INFO perfrun.perfcollector <> - config: edge: 0
320 [131780503922368] INFO perfrun.perfcollector <> - config: event: c0
320 [131780503922368] INFO perfrun.perfcollector <> - config: inv: 0
320 [131780503922368] INFO perfrun.perfcollector <> - config1: ldlat: 0
320 [131780503922368] INFO perfrun.perfcollector <> - config1: offcore_rsp: 0
320 [131780503922368] INFO perfrun.perfcollector <> - config: pc: 0
320 [131780503922368] INFO perfrun.perfcollector <> - config: umask: 0
320 [131780503922368] INFO perfrun.perfcollector <> - format: cpu_atom/event=0xc0,name='INST_RETIRED.ANY[ATOM]'/D
320 [131780503922368] INFO perfrun.perfcollector <> - precise event: extended pebs bit is enabled
320 [131780503922368] INFO perfrun.perfcollector <> - event: 0: CPU_CLK_UNHALTED.THREAD
320 [131780503922368] INFO perfrun.perfcollector <> - cccr: addr: ffffffff, value: 0
320 [131780503922368] INFO perfrun.perfcollector <> - data: addr: 30a, value: ffffffffffd853c0
320 [131780503922368] INFO perfrun.perfcollector <> - pebs_enable: f00000007
320 [131780503922368] INFO perfrun.perfcollector <> - pmu config: cpu_core
320 [131780503922368] INFO perfrun.perfcollector <> - config: cmask: 0
320 [131780503922368] INFO perfrun.perfcollector <> - config: edge: 0
320 [131780503922368] INFO perfrun.perfcollector <> - config: event: 3c
320 [131780503922368] INFO perfrun.perfcollector <> - config1: frontend: 0
320 [131780503922368] INFO perfrun.perfcollector <> - config: inv: 0
320 [131780503922368] INFO perfrun.perfcollector <> - config1: ldlat: 0
320 [131780503922368] INFO perfrun.perfcollector <> - config1: offcore_rsp: 0
320 [131780503922368] INFO perfrun.perfcollector <> - config: pc: 0
320 [131780503922368] INFO perfrun.perfcollector <> - config: umask: 0
320 [131780503922368] INFO perfrun.perfcollector <> - format: cpu_core/event=0x3c,name='CPU_CLK_UNHALTED.THREAD[CORE]'/D
320 [131780503922368] INFO perfrun.perfcollector <> - precise event: extended pebs bit is enabled
320 [131780503922368] INFO perfrun.perfcollector <> - event: 1: CPU_CLK_UNHALTED.REF_TSC
320 [131780503922368] INFO perfrun.perfcollector <> - cccr: addr: ffffffff, value: 0
320 [131780503922368] INFO perfrun.perfcollector <> - data: addr: 30b, value: ffffffffffd853c0
320 [131780503922368] INFO perfrun.perfcollector <> - pebs_enable: f00000007
320 [131780503922368] INFO perfrun.perfcollector <> - pmu config: cpu_core
320 [131780503922368] INFO perfrun.perfcollector <> - config: cmask: 0
320 [131780503922368] INFO perfrun.perfcollector <> - config: edge: 0
320 [131780503922368] INFO perfrun.perfcollector <> - config: event: 0
320 [131780503922368] INFO perfrun.perfcollector <> - config1: frontend: 0
320 [131780503922368] INFO perfrun.perfcollector <> - config: inv: 0
320 [131780503922368] INFO perfrun.perfcollector <> - config1: ldlat: 0
320 [131780503922368] INFO perfrun.perfcollector <> - config1: offcore_rsp: 0
320 [131780503922368] INFO perfrun.perfcollector <> - config: pc: 0
320 [131780503922368] INFO perfrun.perfcollector <> - config: umask: 3
320 [131780503922368] INFO perfrun.perfcollector <> - format: cpu_core/umask=0x3,name='CPU_CLK_UNHALTED.REF_TSC[CORE]'/D
320 [131780503922368] INFO perfrun.perfcollector <> - precise event: extended pebs bit is enabled
320 [131780503922368] INFO perfrun.perfcollector <> - event: 2: INST_RETIRED.ANY
320 [131780503922368] INFO perfrun.perfcollector <> - cccr: addr: ffffffff, value: 0
320 [131780503922368] INFO perfrun.perfcollector <> - data: addr: 309, value: ffffffffffd853c0
320 [131780503922368] INFO perfrun.perfcollector <> - pebs_enable: f00000007
320 [131780503922368] INFO perfrun.perfcollector <> - pmu config: cpu_core
320 [131780503922368] INFO perfrun.perfcollector <> - config: cmask: 0
320 [131780503922368] INFO perfrun.perfcollector <> - config: edge: 0
320 [131780503922368] INFO perfrun.perfcollector <> - config: event: c0
320 [131780503922368] INFO perfrun.perfcollector <> - config1: frontend: 0
320 [131780503922368] INFO perfrun.perfcollector <> - config: inv: 0
320 [131780503922368] INFO perfrun.perfcollector <> - config1: ldlat: 0
320 [131780503922368] INFO perfrun.perfcollector <> - config1: offcore_rsp: 0
320 [131780503922368] INFO perfrun.perfcollector <> - config: pc: 0
320 [131780503922368] INFO perfrun.perfcollector <> - config: umask: 0
320 [131780503922368] INFO perfrun.perfcollector <> - format: cpu_core/event=0xc0,name='INST_RETIRED.ANY[CORE]'/D
320 [131780503922368] INFO perfrun.perfcollector <> - pdist event: pmu is cpu_core, event is fixed0
320 [131780503922368] INFO perfrun.perfcollector <> - event: 3: CPU_CLK_UNHALTED.DISTRIBUTED
320 [131780503922368] INFO perfrun.perfcollector <> - cccr: addr: 186, value: 4302ec
320 [131780503922368] INFO perfrun.perfcollector <> - data: addr: c1, value: ffffffffffd853c0
320 [131780503922368] INFO perfrun.perfcollector <> - pebs_enable: f000000ff
320 [131780503922368] INFO perfrun.perfcollector <> - pmu config: cpu_core
320 [131780503922368] INFO perfrun.perfcollector <> - config: cmask: 0
320 [131780503922368] INFO perfrun.perfcollector <> - config: edge: 0
320 [131780503922368] INFO perfrun.perfcollector <> - config: event: ec
320 [131780503922368] INFO perfrun.perfcollector <> - config1: frontend: 0
320 [131780503922368] INFO perfrun.perfcollector <> - config: inv: 0
320 [131780503922368] INFO perfrun.perfcollector <> - config1: ldlat: 0
320 [131780503922368] INFO perfrun.perfcollector <> - config1: offcore_rsp: 0
320 [131780503922368] INFO perfrun.perfcollector <> - config: pc: 0
320 [131780503922368] INFO perfrun.perfcollector <> - config: umask: 2
320 [131780503922368] INFO perfrun.perfcollector <> - format: cpu_core/event=0xec,umask=0x2,name='CPU_CLK_UNHALTED.DISTRIBUTED[CORE]'/
320 [131780503922368] INFO perfrun.perfcollector <> - precise event: event selector has no imprecise bit
320 [131780503922368] INFO perfrun.perfcollector <> - event: 4: FP_ARITH_INST_RETIRED.SCALAR_SINGLE
320 [131780503922368] INFO perfrun.perfcollector <> - cccr: addr: 187, value: 4302c7
320 [131780503922368] INFO perfrun.perfcollector <> - data: addr: c2, value: ffffffffffe17b7d
320 [131780503922368] INFO perfrun.perfcollector <> - pebs_enable: f000000ff
320 [131780503922368] INFO perfrun.perfcollector <> - pmu config: cpu_core
320 [131780503922368] INFO perfrun.perfcollector <> - config: cmask: 0
320 [131780503922368] INFO perfrun.perfcollector <> - config: edge: 0
320 [131780503922368] INFO perfrun.perfcollector <> - config: event: c7
320 [131780503922368] INFO perfrun.perfcollector <> - config1: frontend: 0
320 [131780503922368] INFO perfrun.perfcollector <> - config: inv: 0
320 [131780503922368] INFO perfrun.perfcollector <> - config1: ldlat: 0
320 [131780503922368] INFO perfrun.perfcollector <> - config1: offcore_rsp: 0
320 [131780503922368] INFO perfrun.perfcollector <> - config: pc: 0
320 [131780503922368] INFO perfrun.perfcollector <> - config: umask: 2
320 [131780503922368] INFO perfrun.perfcollector <> - format: cpu_core/event=0xc7,umask=0x2,name='FP_ARITH_INST_RETIRED.SCALAR_SINGLE[CORE]'/
320 [131780503922368] INFO perfrun.perfcollector <> - precise event: event selector has no imprecise bit
320 [131780503922368] INFO perfrun.perfcollector <> - event: 5: FP_ARITH_INST_RETIRED.128B_PACKED_SINGLE
320 [131780503922368] INFO perfrun.perfcollector <> - cccr: addr: 188, value: 4308c7
320 [131780503922368] INFO perfrun.perfcollector <> - data: addr: c3, value: ffffffffffe17b7d
320 [131780503922368] INFO perfrun.perfcollector <> - pebs_enable: f000000ff
320 [131780503922368] INFO perfrun.perfcollector <> - pmu config: cpu_core
320 [131780503922368] INFO perfrun.perfcollector <> - config: cmask: 0
320 [131780503922368] INFO perfrun.perfcollector <> - config: edge: 0
320 [131780503922368] INFO perfrun.perfcollector <> - config: event: c7
320 [131780503922368] INFO perfrun.perfcollector <> - config1: frontend: 0
320 [131780503922368] INFO perfrun.perfcollector <> - config: inv: 0
320 [131780503922368] INFO perfrun.perfcollector <> - config1: ldlat: 0
320 [131780503922368] INFO perfrun.perfcollector <> - config1: offcore_rsp: 0
320 [131780503922368] INFO perfrun.perfcollector <> - config: pc: 0
320 [131780503922368] INFO perfrun.perfcollector <> - config: umask: 8
320 [131780503922368] INFO perfrun.perfcollector <> - format: cpu_core/event=0xc7,umask=0x8,name='FP_ARITH_INST_RETIRED.128B_PACKED_SINGLE[CORE]'/
320 [131780503922368] INFO perfrun.perfcollector <> - precise event: event selector has no imprecise bit
320 [131780503922368] INFO perfrun.perfcollector <> - event: 6: FP_ARITH_INST_RETIRED.256B_PACKED_SINGLE
320 [131780503922368] INFO perfrun.perfcollector <> - cccr: addr: 189, value: 4320c7
320 [131780503922368] INFO perfrun.perfcollector <> - data: addr: c4, value: ffffffffffe17b7d
320 [131780503922368] INFO perfrun.perfcollector <> - pebs_enable: f000000ff
320 [131780503922368] INFO perfrun.perfcollector <> - pmu config: cpu_core
320 [131780503922368] INFO perfrun.perfcollector <> - config: cmask: 0
320 [131780503922368] INFO perfrun.perfcollector <> - config: edge: 0
320 [131780503922368] INFO perfrun.perfcollector <> - config: event: c7
320 [131780503922368] INFO perfrun.perfcollector <> - config1: frontend: 0
320 [131780503922368] INFO perfrun.perfcollector <> - config: inv: 0
320 [131780503922368] INFO perfrun.perfcollector <> - config1: ldlat: 0
320 [131780503922368] INFO perfrun.perfcollector <> - config1: offcore_rsp: 0
320 [131780503922368] INFO perfrun.perfcollector <> - config: pc: 0
320 [131780503922368] INFO perfrun.perfcollector <> - config: umask: 20
320 [131780503922368] INFO perfrun.perfcollector <> - format: cpu_core/event=0xc7,umask=0x20,name='FP_ARITH_INST_RETIRED.256B_PACKED_SINGLE[CORE]'/
320 [131780503922368] INFO perfrun.perfcollector <> - precise event: event selector has no imprecise bit
320 [131780503922368] INFO perfrun.perfcollector <> - event: 7: FP_ARITH_INST_RETIRED.SCALAR_DOUBLE
320 [131780503922368] INFO perfrun.perfcollector <> - cccr: addr: 18a, value: 4301c7
320 [131780503922368] INFO perfrun.perfcollector <> - data: addr: c5, value: ffffffffffe17b7d
320 [131780503922368] INFO perfrun.perfcollector <> - pebs_enable: f000000ff
320 [131780503922368] INFO perfrun.perfcollector <> - pmu config: cpu_core
320 [131780503922368] INFO perfrun.perfcollector <> - config: cmask: 0
320 [131780503922368] INFO perfrun.perfcollector <> - config: edge: 0
320 [131780503922368] INFO perfrun.perfcollector <> - config: event: c7
320 [131780503922368] INFO perfrun.perfcollector <> - config1: frontend: 0
320 [131780503922368] INFO perfrun.perfcollector <> - config: inv: 0
320 [131780503922368] INFO perfrun.perfcollector <> - config1: ldlat: 0
320 [131780503922368] INFO perfrun.perfcollector <> - config1: offcore_rsp: 0
320 [131780503922368] INFO perfrun.perfcollector <> - config: pc: 0
320 [131780503922368] INFO perfrun.perfcollector <> - config: umask: 1
320 [131780503922368] INFO perfrun.perfcollector <> - format: cpu_core/event=0xc7,umask=0x1,name='FP_ARITH_INST_RETIRED.SCALAR_DOUBLE[CORE]'/
320 [131780503922368] INFO perfrun.perfcollector <> - precise event: event selector has no imprecise bit
320 [131780503922368] INFO perfrun.perfcollector <> - event: 8: FP_ARITH_INST_RETIRED.128B_PACKED_DOUBLE
320 [131780503922368] INFO perfrun.perfcollector <> - cccr: addr: 18b, value: 4304c7
320 [131780503922368] INFO perfrun.perfcollector <> - data: addr: c6, value: ffffffffffe17b7d
320 [131780503922368] INFO perfrun.perfcollector <> - pebs_enable: f000000ff
320 [131780503922368] INFO perfrun.perfcollector <> - pmu config: cpu_core
320 [131780503922368] INFO perfrun.perfcollector <> - config: cmask: 0
320 [131780503922368] INFO perfrun.perfcollector <> - config: edge: 0
320 [131780503922368] INFO perfrun.perfcollector <> - config: event: c7
320 [131780503922368] INFO perfrun.perfcollector <> - config1: frontend: 0
320 [131780503922368] INFO perfrun.perfcollector <> - config: inv: 0
320 [131780503922368] INFO perfrun.perfcollector <> - config1: ldlat: 0
320 [131780503922368] INFO perfrun.perfcollector <> - config1: offcore_rsp: 0
320 [131780503922368] INFO perfrun.perfcollector <> - config: pc: 0
320 [131780503922368] INFO perfrun.perfcollector <> - config: umask: 4
320 [131780503922368] INFO perfrun.perfcollector <> - format: cpu_core/event=0xc7,umask=0x4,name='FP_ARITH_INST_RETIRED.128B_PACKED_DOUBLE[CORE]'/
320 [131780503922368] INFO perfrun.perfcollector <> - precise event: event selector has no imprecise bit
320 [131780503922368] INFO perfrun.perfcollector <> - event: 9: FP_ARITH_INST_RETIRED.256B_PACKED_DOUBLE
320 [131780503922368] INFO perfrun.perfcollector <> - cccr: addr: 18c, value: 4310c7
320 [131780503922368] INFO perfrun.perfcollector <> - data: addr: c7, value: ffffffffffe17b7d
320 [131780503922368] INFO perfrun.perfcollector <> - pebs_enable: f000000ff
320 [131780503922368] INFO perfrun.perfcollector <> - pmu config: cpu_core
320 [131780503922368] INFO perfrun.perfcollector <> - config: cmask: 0
320 [131780503922368] INFO perfrun.perfcollector <> - config: edge: 0
320 [131780503922368] INFO perfrun.perfcollector <> - config: event: c7
320 [131780503922368] INFO perfrun.perfcollector <> - config1: frontend: 0
320 [131780503922368] INFO perfrun.perfcollector <> - config: inv: 0
320 [131780503922368] INFO perfrun.perfcollector <> - config1: ldlat: 0
320 [131780503922368] INFO perfrun.perfcollector <> - config1: offcore_rsp: 0
320 [131780503922368] INFO perfrun.perfcollector <> - config: pc: 0
320 [131780503922368] INFO perfrun.perfcollector <> - config: umask: 10
320 [131780503922368] INFO perfrun.perfcollector <> - format: cpu_core/event=0xc7,umask=0x10,name='FP_ARITH_INST_RETIRED.256B_PACKED_DOUBLE[CORE]'/
320 [131780503922368] INFO perfrun.perfcollector <> - precise event: event selector has no imprecise bit
320 [131780503922368] INFO perfrun.perfcollector <> - event: 10: UOPS_EXECUTED.X87
320 [131780503922368] INFO perfrun.perfcollector <> - cccr: addr: 18d, value: 4310b1
320 [131780503922368] INFO perfrun.perfcollector <> - data: addr: c8, value: ffffffffffe17b7d
320 [131780503922368] INFO perfrun.perfcollector <> - pebs_enable: f000000ff
320 [131780503922368] INFO perfrun.perfcollector <> - pmu config: cpu_core
320 [131780503922368] INFO perfrun.perfcollector <> - config: cmask: 0
320 [131780503922368] INFO perfrun.perfcollector <> - config: edge: 0
320 [131780503922368] INFO perfrun.perfcollector <> - config: event: b1
320 [131780503922368] INFO perfrun.perfcollector <> - config1: frontend: 0
320 [131780503922368] INFO perfrun.perfcollector <> - config: inv: 0
320 [131780503922368] INFO perfrun.perfcollector <> - config1: ldlat: 0
320 [131780503922368] INFO perfrun.perfcollector <> - config1: offcore_rsp: 0
320 [131780503922368] INFO perfrun.perfcollector <> - config: pc: 0
320 [131780503922368] INFO perfrun.perfcollector <> - config: umask: 10
320 [131780503922368] INFO perfrun.perfcollector <> - format: cpu_core/event=0xb1,umask=0x10,name='UOPS_EXECUTED.X87[CORE]'/
320 [131780503922368] INFO perfrun.perfcollector <> - precise event: event selector has no imprecise bit
320 [131780503922368] INFO perfrun.perfcollector <> - event: 11: UOPS_RETIRED.SLOTS
320 [131780503922368] INFO perfrun.perfcollector <> - cccr: addr: 186, value: 4302c2
320 [131780503922368] INFO perfrun.perfcollector <> - data: addr: c1, value: ffffffffffe17b7d
320 [131780503922368] INFO perfrun.perfcollector <> - pebs_enable: f00000007
320 [131780503922368] INFO perfrun.perfcollector <> - pmu config: cpu_core
320 [131780503922368] INFO perfrun.perfcollector <> - config: cmask: 0
320 [131780503922368] INFO perfrun.perfcollector <> - config: edge: 0
320 [131780503922368] INFO perfrun.perfcollector <> - config: event: c2
320 [131780503922368] INFO perfrun.perfcollector <> - config1: frontend: 0
320 [131780503922368] INFO perfrun.perfcollector <> - config: inv: 0
320 [131780503922368] INFO perfrun.perfcollector <> - config1: ldlat: 0
320 [131780503922368] INFO perfrun.perfcollector <> - config1: offcore_rsp: 0
320 [131780503922368] INFO perfrun.perfcollector <> - config: pc: 0
320 [131780503922368] INFO perfrun.perfcollector <> - config: umask: 2
320 [131780503922368] INFO perfrun.perfcollector <> - format: cpu_core/event=0xc2,umask=0x2,name='UOPS_RETIRED.SLOTS[CORE]'/
320 [131780503922368] INFO perfrun.perfcollector <> - precise event: event selector has no imprecise bit
320 [131780503922368] INFO perfrun.perfcollector <> - event: 12: UOPS_EXECUTED.THREAD
320 [131780503922368] INFO perfrun.perfcollector <> - cccr: addr: 187, value: 4301b1
320 [131780503922368] INFO perfrun.perfcollector <> - data: addr: c2, value: ffffffffffe17b7d
320 [131780503922368] INFO perfrun.perfcollector <> - pebs_enable: f00000007
320 [131780503922368] INFO perfrun.perfcollector <> - pmu config: cpu_core
320 [131780503922368] INFO perfrun.perfcollector <> - config: cmask: 0
320 [131780503922368] INFO perfrun.perfcollector <> - config: edge: 0
320 [131780503922368] INFO perfrun.perfcollector <> - config: event: b1
320 [131780503922368] INFO perfrun.perfcollector <> - config1: frontend: 0
320 [131780503922368] INFO perfrun.perfcollector <> - config: inv: 0
320 [131780503922368] INFO perfrun.perfcollector <> - config1: ldlat: 0
320 [131780503922368] INFO perfrun.perfcollector <> - config1: offcore_rsp: 0
320 [131780503922368] INFO perfrun.perfcollector <> - config: pc: 0
320 [131780503922368] INFO perfrun.perfcollector <> - config: umask: 1
320 [131780503922368] INFO perfrun.perfcollector <> - format: cpu_core/event=0xb1,umask=0x1,name='UOPS_EXECUTED.THREAD[CORE]'/
320 [131780503922368] INFO perfrun.perfcollector <> - precise event: event selector has no imprecise bit
320 [131780503922368] INFO perfrun.perfcollector <> - event: 13: TOPDOWN.SLOTS
320 [131780503922368] INFO perfrun.perfcollector <> - cccr: addr: ffffffff, value: 0
320 [131780503922368] INFO perfrun.perfcollector <> - data: addr: 30c, value: ffffffffffe17b7d
320 [131780503922368] INFO perfrun.perfcollector <> - pebs_enable: f00000007
320 [131780503922368] INFO perfrun.perfcollector <> - pmu config: cpu_core
320 [131780503922368] INFO perfrun.perfcollector <> - config: cmask: 0
320 [131780503922368] INFO perfrun.perfcollector <> - config: edge: 0
320 [131780503922368] INFO perfrun.perfcollector <> - config: event: 0
320 [131780503922368] INFO perfrun.perfcollector <> - config1: frontend: 0
320 [131780503922368] INFO perfrun.perfcollector <> - config: inv: 0
320 [131780503922368] INFO perfrun.perfcollector <> - config1: ldlat: 0
320 [131780503922368] INFO perfrun.perfcollector <> - config1: offcore_rsp: 0
320 [131780503922368] INFO perfrun.perfcollector <> - config: pc: 0
320 [131780503922368] INFO perfrun.perfcollector <> - config: umask: 4
320 [131780503922368] INFO perfrun.perfcollector <> - format: cpu_core/umask=0x4,name='TOPDOWN.SLOTS[CORE]'/D
320 [131780503922368] INFO perfrun.perfcollector <> - precise event: extended pebs bit is enabled
320 [131780503922368] INFO perfrun.perfcollector <> - event: 14: TOPDOWN.SLOTS_P
320 [131780503922368] INFO perfrun.perfcollector <> - cccr: addr: 188, value: 4301a4
320 [131780503922368] INFO perfrun.perfcollector <> - data: addr: c3, value: ffffffffffe17b7d
320 [131780503922368] INFO perfrun.perfcollector <> - pebs_enable: f00000007
320 [131780503922368] INFO perfrun.perfcollector <> - pmu config: cpu_core
320 [131780503922368] INFO perfrun.perfcollector <> - config: cmask: 0
320 [131780503922368] INFO perfrun.perfcollector <> - config: edge: 0
321 [131780503922368] INFO perfrun.perfcollector <> - config: event: a4
321 [131780503922368] INFO perfrun.perfcollector <> - config1: frontend: 0
321 [131780503922368] INFO perfrun.perfcollector <> - config: inv: 0
321 [131780503922368] INFO perfrun.perfcollector <> - config1: ldlat: 0
321 [131780503922368] INFO perfrun.perfcollector <> - config1: offcore_rsp: 0
321 [131780503922368] INFO perfrun.perfcollector <> - config: pc: 0
321 [131780503922368] INFO perfrun.perfcollector <> - config: umask: 1
321 [131780503922368] INFO perfrun.perfcollector <> - format: cpu_core/event=0xa4,umask=0x1,name='TOPDOWN.SLOTS_P[CORE]'/
321 [131780503922368] INFO perfrun.perfcollector <> - precise event: event selector has no imprecise bit
321 [131780503922368] INFO perfrun.perfcollector <> - event: cpu_atom/event=0x3c,name='CPU_CLK_UNHALTED.THREAD[ATOM]'/Duk, added for counting
321 [131780503922368] INFO perfrun.perfcollector <> - event: cpu_atom/umask=0x3,name='CPU_CLK_UNHALTED.REF_TSC[ATOM]'/Duk, added for counting
321 [131780503922368] INFO perfrun.perfcollector <> - event: cpu_atom/event=0xc0,name='INST_RETIRED.ANY[ATOM]'/Duk, added for counting
321 [131780503922368] INFO perfrun.perfcollector <> - event: cpu_core/event=0x3c,name='CPU_CLK_UNHALTED.THREAD[CORE]'/Duk, added for counting
321 [131780503922368] INFO perfrun.perfcollector <> - event: cpu_core/umask=0x3,name='CPU_CLK_UNHALTED.REF_TSC[CORE]'/Duk, added for counting
321 [131780503922368] INFO perfrun.perfcollector <> - event: cpu_core/event=0xc0,name='INST_RETIRED.ANY[CORE]'/Duk, added for counting
321 [131780503922368] INFO perfrun.perfcollector <> - event: cpu_core/event=0xec,umask=0x2,name='CPU_CLK_UNHALTED.DISTRIBUTED[CORE]'/uk, added for counting
321 [131780503922368] INFO perfrun.perfcollector <> - event: cpu_core/event=0xc7,umask=0x2,name='FP_ARITH_INST_RETIRED.SCALAR_SINGLE[CORE]'/uk, added for counting
321 [131780503922368] INFO perfrun.perfcollector <> - event: cpu_core/event=0xc7,umask=0x8,name='FP_ARITH_INST_RETIRED.128B_PACKED_SINGLE[CORE]'/uk, added for counting
321 [131780503922368] INFO perfrun.perfcollector <> - event: cpu_core/event=0xc7,umask=0x20,name='FP_ARITH_INST_RETIRED.256B_PACKED_SINGLE[CORE]'/uk, added for counting
321 [131780503922368] INFO perfrun.perfcollector <> - event: cpu_core/event=0xc7,umask=0x1,name='FP_ARITH_INST_RETIRED.SCALAR_DOUBLE[CORE]'/uk, added for counting
321 [131780503922368] INFO perfrun.perfcollector <> - event: cpu_core/event=0xc7,umask=0x4,name='FP_ARITH_INST_RETIRED.128B_PACKED_DOUBLE[CORE]'/uk, added for counting
321 [131780503922368] INFO perfrun.perfcollector <> - event: cpu_core/event=0xc7,umask=0x10,name='FP_ARITH_INST_RETIRED.256B_PACKED_DOUBLE[CORE]'/uk, added for counting
321 [131780503922368] INFO perfrun.perfcollector <> - event: cpu_core/event=0xb1,umask=0x10,name='UOPS_EXECUTED.X87[CORE]'/uk, added for counting
321 [131780503922368] INFO perfrun.perfcollector <> - event: cpu_core/event=0xc2,umask=0x2,name='UOPS_RETIRED.SLOTS[CORE]'/uk, added for counting
321 [131780503922368] INFO perfrun.perfcollector <> - event: cpu_core/event=0xb1,umask=0x1,name='UOPS_EXECUTED.THREAD[CORE]'/uk, added for counting
321 [131780503922368] INFO perfrun.perfcollector <> - event: cpu_core/umask=0x4,name='TOPDOWN.SLOTS[CORE]'/Duk, added for counting
321 [131780503922368] INFO perfrun.perfcollector <> - event: cpu_core/event=0xa4,umask=0x1,name='TOPDOWN.SLOTS_P[CORE]'/uk, added for counting
321 [131780503922368] INFO perfrun.perfcollector <> - attaching to pid: 4294967295, m_mode: 10, mode: 3
321 [131780495529664] INFO perfrun.perfcollector <> - Perf stat trace pipe capacity: read = 1048576, write = 1048576
321 [131780487136960] INFO perfrun.sdk <> - Reading value (0-11) from file: /sys/devices/system/cpu/cpu0/topology/core_siblings_list
321 [131780487136960] INFO perfrun.sdk <> - Reading value (0-1) from file: /sys/devices/system/cpu/cpu0/topology/thread_siblings_list
321 [131780487136960] INFO perfrun.sdk <> - Reading value (0-11) from file: /sys/devices/system/cpu/cpu1/topology/core_siblings_list
321 [131780487136960] INFO perfrun.sdk <> - Reading value (0-1) from file: /sys/devices/system/cpu/cpu1/topology/thread_siblings_list
321 [131780487136960] INFO perfrun.sdk <> - Reading value (0-11) from file: /sys/devices/system/cpu/cpu2/topology/core_siblings_list
321 [131780487136960] INFO perfrun.sdk <> - Reading value (2-3) from file: /sys/devices/system/cpu/cpu2/topology/thread_siblings_list
321 [131780487136960] INFO perfrun.sdk <> - Reading value (0-11) from file: /sys/devices/system/cpu/cpu3/topology/core_siblings_list
321 [131780487136960] INFO perfrun.sdk <> - Reading value (2-3) from file: /sys/devices/system/cpu/cpu3/topology/thread_siblings_list
321 [131780487136960] INFO perfrun.sdk <> - Reading value (0-11) from file: /sys/devices/system/cpu/cpu4/topology/core_siblings_list
321 [131780487136960] INFO perfrun.sdk <> - Reading value (4) from file: /sys/devices/system/cpu/cpu4/topology/thread_siblings_list
321 [131780487136960] INFO perfrun.sdk <> - Reading value (0-11) from file: /sys/devices/system/cpu/cpu5/topology/core_siblings_list
321 [131780487136960] INFO perfrun.sdk <> - Reading value (5) from file: /sys/devices/system/cpu/cpu5/topology/thread_siblings_list
321 [131780487136960] INFO perfrun.sdk <> - Reading value (0-11) from file: /sys/devices/system/cpu/cpu6/topology/core_siblings_list
321 [131780487136960] INFO perfrun.sdk <> - Reading value (6) from file: /sys/devices/system/cpu/cpu6/topology/thread_siblings_list
322 [131780487136960] INFO perfrun.sdk <> - Reading value (0-11) from file: /sys/devices/system/cpu/cpu7/topology/core_siblings_list
322 [131780487136960] INFO perfrun.sdk <> - Reading value (7) from file: /sys/devices/system/cpu/cpu7/topology/thread_siblings_list
322 [131780487136960] INFO perfrun.sdk <> - Reading value (0-11) from file: /sys/devices/system/cpu/cpu8/topology/core_siblings_list
322 [131780487136960] INFO perfrun.sdk <> - Reading value (8) from file: /sys/devices/system/cpu/cpu8/topology/thread_siblings_list
322 [131780487136960] INFO perfrun.sdk <> - Reading value (0-11) from file: /sys/devices/system/cpu/cpu9/topology/core_siblings_list
322 [131780487136960] INFO perfrun.sdk <> - Reading value (9) from file: /sys/devices/system/cpu/cpu9/topology/thread_siblings_list
322 [131780487136960] INFO perfrun.sdk <> - Reading value (0-11) from file: /sys/devices/system/cpu/cpu10/topology/core_siblings_list
322 [131780487136960] INFO perfrun.sdk <> - Reading value (10) from file: /sys/devices/system/cpu/cpu10/topology/thread_siblings_list
322 [131780487136960] INFO perfrun.sdk <> - Reading value (0-11) from file: /sys/devices/system/cpu/cpu11/topology/core_siblings_list
322 [131780487136960] INFO perfrun.sdk <> - Reading value (11) from file: /sys/devices/system/cpu/cpu11/topology/thread_siblings_list
322 [131780487136960] INFO perfrun.sdk <> - Reading value (0-3) from file: /sys/bus/event_source/devices/cpu_core/cpus
322 [131780487136960] INFO perfrun.sdk <> - Reading value (4-11) from file: /sys/bus/event_source/devices/cpu_atom/cpus
322 [131780495529664] INFO perfrun.sdk <> - runCmd: /opt/intel/oneapi/vtune/2025.1/bin64/amplxe-perf stat -v --log-fd 11 --scale -x ; -e cpu_atom/event=0x3c,name='CPU_CLK_UNHALTED.THREAD[ATOM]'/Duk,cpu_atom/umask=0x3,name='CPU_CLK_UNHALTED.REF_TSC[ATOM]'/Duk,cpu_atom/event=0xc0,name='INST_RETIRED.ANY[ATOM]'/Duk,cpu_core/event=0x3c,name='CPU_CLK_UNHALTED.THREAD[CORE]'/Duk,cpu_core/umask=0x3,name='CPU_CLK_UNHALTED.REF_TSC[CORE]'/Duk,cpu_core/event=0xc0,name='INST_RETIRED.ANY[CORE]'/Duk,cpu_core/event=0xec,umask=0x2,name='CPU_CLK_UNHALTED.DISTRIBUTED[CORE]'/uk,cpu_core/event=0xc7,umask=0x2,name='FP_ARITH_INST_RETIRED.SCALAR_SINGLE[CORE]'/uk,cpu_core/event=0xc7,umask=0x8,name='FP_ARITH_INST_RETIRED.128B_PACKED_SINGLE[CORE]'/uk,cpu_core/event=0xc7,umask=0x20,name='FP_ARITH_INST_RETIRED.256B_PACKED_SINGLE[CORE]'/uk,cpu_core/event=0xc7,umask=0x1,name='FP_ARITH_INST_RETIRED.SCALAR_DOUBLE[CORE]'/uk,cpu_core/event=0xc7,umask=0x4,name='FP_ARITH_INST_RETIRED.128B_PACKED_DOUBLE[CORE]'/uk,cpu_core/event=0xc7,umask=0x10,name='FP_ARITH_INST_RETIRED.256B_PACKED_DOUBLE[CORE]'/uk,cpu_core/event=0xb1,umask=0x10,name='UOPS_EXECUTED.X87[CORE]'/uk,cpu_core/event=0xc2,umask=0x2,name='UOPS_RETIRED.SLOTS[CORE]'/uk,cpu_core/event=0xb1,umask=0x1,name='UOPS_EXECUTED.THREAD[CORE]'/uk,cpu_core/umask=0x4,name='TOPDOWN.SLOTS[CORE]'/Duk,cpu_core/event=0xa4,umask=0x1,name='TOPDOWN.SLOTS_P[CORE]'/uk /opt/intel/oneapi/vtune/2025.1/bin64/amplxe-perf-sync dryrun tsc
322 [131780495529664] INFO perfrun.sdk <> - runCmd started PID 29718
352 [131780495529664] INFO perfrun.perfcollector <> - Monitor: runCmd RC = true
353 [131780503922368] INFO perfrun.launcher <> - plugin [aoclprofile] was disabled because it doesn't support the given collection type.
353 [131780503922368] INFO perfrun.tpss <> - initialize tpss controller
353 [131780503922368] INFO perfrun.tpss <> - configure collection mode: value = cpu:counters:nostack
353 [131780503922368] INFO perfrun.tpss <> - configure collection mode: value = cpu:stack
353 [131780503922368] INFO perfrun.tpss <> - default obj-size-min=1024
353 [131780503922368] INFO perfrun.tpss <> - default hash-table-size=0
353 [131780503922368] INFO perfrun.launcher <> - plugin [media] was disabled because it doesn't support the given collection type.
353 [131780503922368] INFO perfrun.launcher <> - plugin [] was disabled because it doesn't support the given collection type.
353 [131780503922368] INFO perfrun.launcher <> - plugin [] was disabled because it doesn't support the given collection type.
353 [131780503922368] INFO perfrun.launcher <> - plugin [parallelfs] was disabled because it doesn't support the given collection type.
353 [131780503922368] INFO perfrun.launcher <> - plugin [power] was disabled because it doesn't support the given collection type.
353 [131780503922368] INFO perfrun.launcher <> - plugin [] was disabled because it doesn't support the given collection type.
353 [131780503922368] INFO perfrun.launcher <> - plugin [] was disabled because it doesn't support the given collection type.
353 [131780503922368] INFO perfrun.launcher <> - plugin [] was disabled because it doesn't support the given collection type.
353 [131780503922368] INFO perfrun.launcher <> - plugin [l0_metrics] was disabled because it doesn't support the given collection type.
353 [131780503922368] INFO perfrun.launcher <> - plugin [stall_reasons] was disabled because it doesn't support the given collection type.
353 [131780663753856] INFO perfrun.launcher <> - set environment variable: LD_LIBRARY_PATH = /opt/intel/oneapi/vtune/2025.1/lib32/runtime:/opt/intel/oneapi/vtune/2025.1/lib64/runtime:/opt/intel/oneapi/tcm/1.3/lib:/opt/intel/oneapi/umf/0.10/lib:/opt/intel/oneapi/tbb/2022.1/env/../lib/intel64/gcc4.8:/opt/intel/oneapi/debugger/2025.1/opt/debugger/lib:/opt/intel/oneapi/compiler/2025.1/opt/compiler/lib:/opt/intel/oneapi/compiler/2025.1/lib
353 [131780663753856] INFO perfrun.launcher <> - set environment variable: INTEL_LIBITTNOTIFY32 = /opt/intel/oneapi/vtune/2025.1/lib32/runtime/libittnotify_collector.so
353 [131780663753856] INFO perfrun.launcher <> - set environment variable: INTEL_LIBITTNOTIFY64 = /opt/intel/oneapi/vtune/2025.1/lib64/runtime/libittnotify_collector.so
353 [131780663753856] INFO perfrun.launcher <> - set environment variable: INTEL_ITTNOTIFY_GROUPS = 
353 [131780663753856] INFO perfrun.launcher <> - set environment variable: INTEL_JIT_PROFILER32 = /opt/intel/oneapi/vtune/2025.1/lib32/runtime/libittnotify_collector.so
353 [131780663753856] INFO perfrun.launcher <> - set environment variable: INTEL_JIT_PROFILER64 = /opt/intel/oneapi/vtune/2025.1/lib64/runtime/libittnotify_collector.so
353 [131780663753856] INFO perfrun.launcher <> - set environment variable: CCL_ITT_LEVEL = 1
353 [131780663753856] INFO perfrun.launcher <> - set environment variable: ENABLE_JITPROFILING = 1
353 [131780663753856] INFO perfrun.launcher <> - set environment variable: CL_CONFIG_USE_VTUNE = True
353 [131780663753856] INFO perfrun.launcher <> - set environment variable: KMP_FORKJOIN_FRAMES = 0
353 [131780663753856] INFO perfrun.launcher <> - set environment variable: KMP_FORKJOIN_FRAMES_MODE = 0
353 [131780663753856] INFO perfrun.launcher <> - set environment variable: INTEL_MRTE_DATA_DIR = /home/camilo/Desktop/Computacion_Paralela/Laboratorios/original/tiny_mc/data.0
353 [131780663753856] INFO perfrun.launcher <> - set environment variable: INTEL_MRTE_HOST_NAME = Camilo649
353 [131780663753856] INFO perfrun.launcher <> - set environment variable: JAVA_TOOL_OPTIONS = -agentlib:amplxe_samplingmrte_javaprof_1.0 -Dsun.boot.library.path=/opt/intel/oneapi/vtune/2025.1/lib32/runtime:/opt/intel/oneapi/vtune/2025.1/lib64/runtime
353 [131780663753856] INFO perfrun.launcher <> - set environment variable: LD_LIBRARY_PATH = /opt/intel/oneapi/vtune/2025.1/lib32/runtime:/opt/intel/oneapi/vtune/2025.1/lib64/runtime:/opt/intel/oneapi/tcm/1.3/lib:/opt/intel/oneapi/umf/0.10/lib:/opt/intel/oneapi/tbb/2022.1/env/../lib/intel64/gcc4.8:/opt/intel/oneapi/debugger/2025.1/opt/debugger/lib:/opt/intel/oneapi/compiler/2025.1/opt/compiler/lib:/opt/intel/oneapi/compiler/2025.1/lib
353 [131780663753856] INFO perfrun.launcher <> - set environment variable: CORECLR_ENABLE_PROFILING = 1
353 [131780663753856] INFO perfrun.launcher <> - set environment variable: CORECLR_PROFILER = {AA5E4821-E3B1-479c-B7FF-5AD047D22CED}
353 [131780663753856] INFO perfrun.launcher <> - set environment variable: CORECLR_PROFILER_PATH = /opt/intel/oneapi/vtune/2025.1/lib64/libamplxe_samplingmrte_clrprof_1.0.so
353 [131780663753856] INFO perfrun.launcher <> - set environment variable: INTEL_MRTE_PROFILER_MODE = mixed
353 [131780663753856] INFO perfrun.launcher <> - RpcServer: run RPC server to handle requests
353 [131780663753856] INFO perfrun.launcher <> - Launcher: command line to start before modification = ./headless
353 [131780663753856] INFO perfrun.launcher <> - Launcher: command line to start after modification = /opt/intel/oneapi/vtune/2025.1/bin64/pin -error_file /home/camilo/Desktop/Computacion_Paralela/Laboratorios/original/tiny_mc/data.0/pinerr.tpsslog -detach_reattach -follow_execv -tool_load_option deepbind -t64 /opt/intel/oneapi/vtune/2025.1/lib64/libtpsstool.so -t /opt/intel/oneapi/vtune/2025.1/lib32/libtpsstool.so -server_name tpss_ipc.29711 -prd_dir /opt/intel/oneapi/vtune/2025.1 -- ./headless
353 [131780663753856] INFO perfrun.launcher <> - ProcessCreator object was created
354 [131780663753856] INFO perfrun.launcher <> - Launcher: the process was started in suspend mode
354 [131780503922368] WARN perfrun.system <> - Folder "/var/run/libvirt/qemu/"doesn't exist, at file: vcs/perfrun1/plugins/system/src/trace_writer.cpp:800
355 [131780503922368] WARN perfrun.sdk <> - Failed to find xl binary on any of the system paths: /bin, /sbin, /usr/bin, /usr/sbin., at file: vcs/perfrun1/sdk/src/utils.cpp:205
355 [131780503922368] WARN perfrun.system <> - Could not start ContainerMapping collector, at file: vcs/perfrun1/plugins/system/src/controller.cpp:450
407 [131780503922368] INFO perfrun.vdso <> - Helper runtool '/opt/intel/oneapi/vtune/2025.1/bin32/amplxe-runss -dump-vdso -r /home/camilo/Desktop/Computacion_Paralela/Laboratorios/original/tiny_mc --tmp-dir /tmp/amplxe-tmp-root' returned 0
709 [131780503922368] INFO perfrun.vdso <> - Helper runtool '/opt/intel/oneapi/vtune/2025.1/bin64/amplxe-runss -dump-vdso -r /home/camilo/Desktop/Computacion_Paralela/Laboratorios/original/tiny_mc --tmp-dir /tmp/amplxe-tmp-root' returned 0
709 [131780503922368] INFO perfrun.itt <> - start itt controller for pid #29721
709 [131780503922368] INFO perfrun.perfcollector <> - attaching to pid: 29721, m_mode: 10, mode: 11
709 [131780401166016] INFO perfrun.perfcollector <> - Perf stat trace pipe capacity: read = 1048576, write = 1048576
710 [131780495529664] INFO perfrun.sdk <> - Reading value (0-11) from file: /sys/devices/system/cpu/cpu0/topology/core_siblings_list
710 [131780495529664] INFO perfrun.sdk <> - Reading value (0-1) from file: /sys/devices/system/cpu/cpu0/topology/thread_siblings_list
710 [131780495529664] INFO perfrun.sdk <> - Reading value (0-11) from file: /sys/devices/system/cpu/cpu1/topology/core_siblings_list
710 [131780495529664] INFO perfrun.sdk <> - Reading value (0-1) from file: /sys/devices/system/cpu/cpu1/topology/thread_siblings_list
710 [131780495529664] INFO perfrun.sdk <> - Reading value (0-11) from file: /sys/devices/system/cpu/cpu2/topology/core_siblings_list
710 [131780495529664] INFO perfrun.sdk <> - Reading value (2-3) from file: /sys/devices/system/cpu/cpu2/topology/thread_siblings_list
710 [131780495529664] INFO perfrun.sdk <> - Reading value (0-11) from file: /sys/devices/system/cpu/cpu3/topology/core_siblings_list
710 [131780495529664] INFO perfrun.sdk <> - Reading value (2-3) from file: /sys/devices/system/cpu/cpu3/topology/thread_siblings_list
710 [131780495529664] INFO perfrun.sdk <> - Reading value (0-11) from file: /sys/devices/system/cpu/cpu4/topology/core_siblings_list
710 [131780495529664] INFO perfrun.sdk <> - Reading value (4) from file: /sys/devices/system/cpu/cpu4/topology/thread_siblings_list
710 [131780495529664] INFO perfrun.sdk <> - Reading value (0-11) from file: /sys/devices/system/cpu/cpu5/topology/core_siblings_list
710 [131780495529664] INFO perfrun.sdk <> - Reading value (5) from file: /sys/devices/system/cpu/cpu5/topology/thread_siblings_list
710 [131780495529664] INFO perfrun.sdk <> - Reading value (0-11) from file: /sys/devices/system/cpu/cpu6/topology/core_siblings_list
710 [131780495529664] INFO perfrun.sdk <> - Reading value (6) from file: /sys/devices/system/cpu/cpu6/topology/thread_siblings_list
710 [131780495529664] INFO perfrun.sdk <> - Reading value (0-11) from file: /sys/devices/system/cpu/cpu7/topology/core_siblings_list
710 [131780495529664] INFO perfrun.sdk <> - Reading value (7) from file: /sys/devices/system/cpu/cpu7/topology/thread_siblings_list
710 [131780495529664] INFO perfrun.sdk <> - Reading value (0-11) from file: /sys/devices/system/cpu/cpu8/topology/core_siblings_list
710 [131780495529664] INFO perfrun.sdk <> - Reading value (8) from file: /sys/devices/system/cpu/cpu8/topology/thread_siblings_list
710 [131780495529664] INFO perfrun.sdk <> - Reading value (0-11) from file: /sys/devices/system/cpu/cpu9/topology/core_siblings_list
710 [131780495529664] INFO perfrun.sdk <> - Reading value (9) from file: /sys/devices/system/cpu/cpu9/topology/thread_siblings_list
710 [131780495529664] INFO perfrun.sdk <> - Reading value (0-11) from file: /sys/devices/system/cpu/cpu10/topology/core_siblings_list
710 [131780495529664] INFO perfrun.sdk <> - Reading value (10) from file: /sys/devices/system/cpu/cpu10/topology/thread_siblings_list
710 [131780495529664] INFO perfrun.sdk <> - Reading value (0-11) from file: /sys/devices/system/cpu/cpu11/topology/core_siblings_list
710 [131780495529664] INFO perfrun.sdk <> - Reading value (11) from file: /sys/devices/system/cpu/cpu11/topology/thread_siblings_list
710 [131780495529664] INFO perfrun.sdk <> - Reading value (0-3) from file: /sys/bus/event_source/devices/cpu_core/cpus
710 [131780495529664] INFO perfrun.sdk <> - Reading value (4-11) from file: /sys/bus/event_source/devices/cpu_atom/cpus
710 [131780401166016] INFO perfrun.sdk <> - runCmd: /opt/intel/oneapi/vtune/2025.1/bin64/amplxe-perf stat -v --log-fd 22 --control=fd:23,26 --scale -x ; -p 29721 -e cpu_atom/event=0x3c,name='CPU_CLK_UNHALTED.THREAD[ATOM]'/Duk,cpu_atom/umask=0x3,name='CPU_CLK_UNHALTED.REF_TSC[ATOM]'/Duk,cpu_atom/event=0xc0,name='INST_RETIRED.ANY[ATOM]'/Duk,cpu_core/event=0x3c,name='CPU_CLK_UNHALTED.THREAD[CORE]'/Duk,cpu_core/umask=0x3,name='CPU_CLK_UNHALTED.REF_TSC[CORE]'/Duk,cpu_core/event=0xc0,name='INST_RETIRED.ANY[CORE]'/Duk,cpu_core/event=0xec,umask=0x2,name='CPU_CLK_UNHALTED.DISTRIBUTED[CORE]'/uk,cpu_core/event=0xc7,umask=0x2,name='FP_ARITH_INST_RETIRED.SCALAR_SINGLE[CORE]'/uk,cpu_core/event=0xc7,umask=0x8,name='FP_ARITH_INST_RETIRED.128B_PACKED_SINGLE[CORE]'/uk,cpu_core/event=0xc7,umask=0x20,name='FP_ARITH_INST_RETIRED.256B_PACKED_SINGLE[CORE]'/uk,cpu_core/event=0xc7,umask=0x1,name='FP_ARITH_INST_RETIRED.SCALAR_DOUBLE[CORE]'/uk,cpu_core/event=0xc7,umask=0x4,name='FP_ARITH_INST_RETIRED.128B_PACKED_DOUBLE[CORE]'/uk,cpu_core/event=0xc7,umask=0x10,name='FP_ARITH_INST_RETIRED.256B_PACKED_DOUBLE[CORE]'/uk,cpu_core/event=0xb1,umask=0x10,name='UOPS_EXECUTED.X87[CORE]'/uk,cpu_core/event=0xc2,umask=0x2,name='UOPS_RETIRED.SLOTS[CORE]'/uk,cpu_core/event=0xb1,umask=0x1,name='UOPS_EXECUTED.THREAD[CORE]'/uk,cpu_core/umask=0x4,name='TOPDOWN.SLOTS[CORE]'/Duk,cpu_core/event=0xa4,umask=0x1,name='TOPDOWN.SLOTS_P[CORE]'/uk /opt/intel/oneapi/vtune/2025.1/bin64/amplxe-perf-sync sync tsc
711 [131780401166016] INFO perfrun.sdk <> - runCmd started PID 29731
721 [131780503922368] INFO perfrun.tpss <> - start tpss controller for pid #29721
772 [131780663753856] INFO perfrun.launcher <> - Launcher: all plugins were started
772 [131780663753856] INFO perfrun.launcher <> - DirectoryMonitor object was created
772 [131780663753856] INFO perfrun.launcher <> - DirectoryMonitor: a callback was added
772 [131780663753856] INFO perfrun.launcher <> - DirectoryMonitor was started with pingTime = 1000
772 [131780663753856] INFO perfrun.launcher <> - DeadlineTimer is going to be constructed
772 [131780663753856] INFO perfrun.launcher <> - DeadlineTimer: a callback was added
777 [131780663753856] INFO perfrun.launcher <> - Launcher: resume the profiled application and  wait its termination or stop command
1016 [131780663753856] INFO perfrun.launcher <> - Launcher: the profiled application was terminated  with exit code = 0
1020 [131780503922368] INFO perfrun.itt <> - detach itt controller
1020 [131780503922368] INFO perfrun.itt <> - detach itt controller done
1021 [131780401166016] INFO perfrun.perfcollector <> - Monitor: runCmd RC = true
1021 [131780503922368] INFO perfrun.perfcollector <> - Monitor: state = 3, error = 1
1021 [131780503922368] INFO perfrun.tpss <> - stop tpss controller
1022 [131780503922368] INFO perfrun.sdk <> - De-allocating TMU: /home/camilo/Desktop/Computacion_Paralela/Laboratorios/original/tiny_mc/data.0/systemcollector-29711-Camilo649.sc
1022 [131780503922368] INFO perfrun.system <> - closed the system trace file: /home/camilo/Desktop/Computacion_Paralela/Laboratorios/original/tiny_mc/data.0/systemcollector-29711-Camilo649.sc
1022 [131780663753856] INFO perfrun.launcher <> - Launcher: all plugins were stopped.
1022 [131780663753856] INFO perfrun.launcher <> - DeadlineTimer is going to be destroyed
1022 [131780663753856] INFO perfrun.launcher <> - DeadlineTimer was destroyed
1022 [131780663753856] INFO perfrun.launcher <> - DirectoryMonitor object was destroyed
1022 [131780663753856] WARN perfrun.launcher <> - Stop command is ignored because it is received when collection is already stopped, at file: vcs/perfrun1/launcher/src/command_handler.cpp:226
1022 [131780663753856] INFO perfrun.launcher <> - Application exit code: 0
1022 [131780663753856] INFO perfrun.launcher <> - Exit code: 0
