<?xml version="1.0" encoding="utf-8" ?>
<!-- DO NOT EDIT THIS FILE -->

<log version='2.0' source='trc'>
	<msg id='1' display='false' source='trc'>
		<type>PROCESS_START</type>
		<severity>INFO</severity>
		<timestamp>Sun May 18 01:43:22 2025</timestamp>
		<arg name='process'>/users/cp2025/cp2025_014/Computacion-Paralela-2025-FaMAF/tiny_mc/headless</arg>
		<arg name='pid'>2338686</arg>
	</msg>
	<!-- Instrumentation filter's state:
    Patterns applicability:
        Generic loop pattern.....................: enabled
        Generic loop pattern (with dynamic jumps): enabled
        Known trip value loop pattern............: enabled
        Runtime final value loop pattern.........: enabled
        No initial IV loop pattern...............: enabled
        IV step only loop pattern................: enabled
        No entry loop pattern....................: enabled
    Clustered memory model (CMM) applicability:
        Generic loop pattern.....................: enabled
        Generic loop pattern (with dynamic jumps): enabled
        Known trip value loop pattern............: enabled
        Runtime final value loop pattern.........: enabled
        No initial IV loop pattern...............: enabled
        IV step only loop pattern................: enabled
        No entry loop pattern....................: disabled
 -->
	<!-- Callstack mode:
    filter modules.........: true
    filter routines........: true
    count loops............: true
    count flops............: true
    trace..................: false
    extended trace.........: false
    omp trace..............: false
    jit trace..............: false
    failures trace.........: false
    dump raw...............: false
    dump final.............: false
    dump all...............: false
    stack stitching........: true
    stl profiling..........: true
    aggressive frame switch: true
    unwind frame exit......: true
    analyze child loops....: true
 -->
	<!-- Managed application profiling: -->
	<!-- 	State...................: enabled -->
	<!-- Gpu Profiling: -->
	<!-- 	State: disabled -->
	<msg id='2' display='false' source='trc'>
		<type>PROCESS_ANALYSIS_MODE</type>
		<severity>INFO</severity>
		<timestamp>Sun May 18 01:43:22 2025</timestamp>
		<arg name='mode'>full</arg>
	</msg>
	<!-- Update image info for [1:0x400000:YN] /users/cp2025/cp2025_014/Computacion-Paralela-2025-FaMAF/tiny_mc/headless -->
	<msg id='3' display='false' source='trc'>
		<type>LOAD_MODULE</type>
		<severity>INFO</severity>
		<timestamp>Sun May 18 01:43:22 2025</timestamp>
		<arg name='module'>/users/cp2025/cp2025_014/Computacion-Paralela-2025-FaMAF/tiny_mc/headless</arg>
		<arg name='basement'>0x400000</arg>
		<arg name='ceiling'>0x408ce7</arg>
		<arg name='symtab'>yes</arg>
	</msg>
	<!-- Instrumenting image: id = 1, name = /users/cp2025/cp2025_014/Computacion-Paralela-2025-FaMAF/tiny_mc/headless -->
	<!-- Instrumenting loops in routine "main.extracted" -->
	<!-- Update image info for [2:0x7F15A6C13000:NN] /lib64/ld-linux-x86-64.so.2 -->
	<msg id='4' display='false' source='trc'>
		<type>LOAD_MODULE</type>
		<severity>INFO</severity>
		<timestamp>Sun May 18 01:43:22 2025</timestamp>
		<arg name='module'>/lib64/ld-linux-x86-64.so.2</arg>
		<arg name='basement'>0x7f15a6c13000</arg>
		<arg name='ceiling'>0x7f15a6c492df</arg>
		<arg name='symtab'>no</arg>
	</msg>
	<!-- Instrumentation of /lib64/ld-linux-x86-64.so.2 image skipped because of filter conditions [cs-mode]. -->
	<!-- Update image info for [3:0x7F15A6C11000:NN] [vdso] -->
	<msg id='5' display='false' source='trc'>
		<type>LOAD_MODULE</type>
		<severity>INFO</severity>
		<timestamp>Sun May 18 01:43:22 2025</timestamp>
		<arg name='module'>[vdso]</arg>
		<arg name='basement'>0x7f15a6c11000</arg>
		<arg name='ceiling'>0x7f15a6c1270e</arg>
		<arg name='symtab'>no</arg>
	</msg>
	<!-- Instrumentation of [vdso] image skipped because of filter conditions [cs-mode]. -->
	<!-- Update image info for [4:0x7F15918C0000:NN] /lib/x86_64-linux-gnu/libm.so.6 -->
	<msg id='6' display='false' source='trc'>
		<type>LOAD_MODULE</type>
		<severity>INFO</severity>
		<timestamp>Sun May 18 01:43:23 2025</timestamp>
		<arg name='module'>/lib/x86_64-linux-gnu/libm.so.6</arg>
		<arg name='basement'>0x7f15918c0000</arg>
		<arg name='ceiling'>0x7f15919a5017</arg>
		<arg name='symtab'>no</arg>
	</msg>
	<!-- Instrumentation of /lib/x86_64-linux-gnu/libm.so.6 image skipped because of filter conditions [cs-mode]. -->
	<!-- Update image info for [5:0x7F1591200000:YN] /opt/intel/oneapi/compiler/2023.2.1/linux/compiler/lib/intel64_lin/libiomp5.so -->
	<msg id='7' display='false' source='trc'>
		<type>LOAD_MODULE</type>
		<severity>INFO</severity>
		<timestamp>Sun May 18 01:43:23 2025</timestamp>
		<arg name='module'>/opt/intel/oneapi/compiler/2023.2.1/linux/compiler/lib/intel64_lin/libiomp5.so</arg>
		<arg name='basement'>0x7f1591200000</arg>
		<arg name='ceiling'>0x7f159164114f</arg>
		<arg name='symtab'>yes</arg>
	</msg>
	<!-- Instrumenting image: id = 5, name = /opt/intel/oneapi/compiler/2023.2.1/linux/compiler/lib/intel64_lin/libiomp5.so -->
	<!-- Instrumenting loops in routine "__kmp_itt_init_ittlib" -->
	<!-- Instrumenting loops in routine "_INTERNALf63d6d5f::__kmp_wait_template<kmp_flag_64<false, true>, true, false, true>" -->
	<!-- Instrumenting loops in routine "_INTERNALf63d6d5f::__kmp_hyper_barrier_gather" -->
	<!-- Instrumenting loops in routine "_INTERNALf63d6d5f::__kmp_hyper_barrier_release" -->
	<!-- Instrumenting loops in routine "__kmp_barrier" -->
	<!-- Instrumenting loops in routine "__kmp_acquire_ticket_lock" -->
	<!-- Instrumenting loops in routine "__kmp_allocate_thread" -->
	<!-- Instrumenting loops in routine "__kmp_launch_thread" -->
	<!-- Instrumenting loops in routine "__kmp_fork_call" -->
	<!-- Instrumenting loops in routine "__kmp_allocate_team" -->
	<!-- Instrumenting loops in routine "__kmp_register_library_startup" -->
	<!-- Instrumenting loops in routine "__kmp_str_format" with dynamic jumps -->
	<!-- Instrumenting loops in routine "__kmp_invoke_microtask" -->
	<!-- Instrumenting loops in routine "_INTERNAL1ebb3278::__kmp_launch_worker" -->
	<!-- Instrumenting loops in routine "__kmp_create_worker" -->
	<!-- Instrumenting loops in routine "_INTERNALae4d1d49::rml::internal::doInitialization" -->
	<!-- Instrumenting loops in routine "rml::internal::MemoryPool::initDefaultPool" -->
	<!-- Update image info for [6:0x7F159100A000:NN] /lib/x86_64-linux-gnu/libc.so.6 -->
	<msg id='8' display='false' source='trc'>
		<type>LOAD_MODULE</type>
		<severity>INFO</severity>
		<timestamp>Sun May 18 01:43:23 2025</timestamp>
		<arg name='module'>/lib/x86_64-linux-gnu/libc.so.6</arg>
		<arg name='basement'>0x7f159100a000</arg>
		<arg name='ceiling'>0x7f15911ffdd7</arg>
		<arg name='symtab'>no</arg>
	</msg>
	<!-- Instrumentation of /lib/x86_64-linux-gnu/libc.so.6 image skipped because of filter conditions. -->
	<!-- Update image info for [7:0x7F1591720000:NN] /lib/x86_64-linux-gnu/librt.so.1 -->
	<msg id='9' display='false' source='trc'>
		<type>LOAD_MODULE</type>
		<severity>INFO</severity>
		<timestamp>Sun May 18 01:43:24 2025</timestamp>
		<arg name='module'>/lib/x86_64-linux-gnu/librt.so.1</arg>
		<arg name='basement'>0x7f1591720000</arg>
		<arg name='ceiling'>0x7f159172400f</arg>
		<arg name='symtab'>no</arg>
	</msg>
	<!-- Instrumentation of /lib/x86_64-linux-gnu/librt.so.1 image skipped because of filter conditions [cs-mode]. -->
	<!-- Update image info for [8:0x7F15916F3000:NN] /lib/x86_64-linux-gnu/libgcc_s.so.1 -->
	<msg id='10' display='false' source='trc'>
		<type>LOAD_MODULE</type>
		<severity>INFO</severity>
		<timestamp>Sun May 18 01:43:24 2025</timestamp>
		<arg name='module'>/lib/x86_64-linux-gnu/libgcc_s.so.1</arg>
		<arg name='basement'>0x7f15916f3000</arg>
		<arg name='ceiling'>0x7f159171f3a7</arg>
		<arg name='symtab'>no</arg>
	</msg>
	<!-- Instrumentation of /lib/x86_64-linux-gnu/libgcc_s.so.1 image skipped because of filter conditions [cs-mode]. -->
	<!-- Update image info for [9:0x7F15916EE000:NN] /lib/x86_64-linux-gnu/libpthread.so.0 -->
	<msg id='11' display='false' source='trc'>
		<type>LOAD_MODULE</type>
		<severity>INFO</severity>
		<timestamp>Sun May 18 01:43:24 2025</timestamp>
		<arg name='module'>/lib/x86_64-linux-gnu/libpthread.so.0</arg>
		<arg name='basement'>0x7f15916ee000</arg>
		<arg name='ceiling'>0x7f15916f200f</arg>
		<arg name='symtab'>no</arg>
	</msg>
	<!-- Instrumentation of /lib/x86_64-linux-gnu/libpthread.so.0 image skipped because of filter conditions [cs-mode]. -->
	<!-- Update image info for [10:0x7F15916E3000:NN] /lib/x86_64-linux-gnu/libdl.so.2 -->
	<msg id='12' display='false' source='trc'>
		<type>LOAD_MODULE</type>
		<severity>INFO</severity>
		<timestamp>Sun May 18 01:43:24 2025</timestamp>
		<arg name='module'>/lib/x86_64-linux-gnu/libdl.so.2</arg>
		<arg name='basement'>0x7f15916e3000</arg>
		<arg name='ceiling'>0x7f15916e700f</arg>
		<arg name='symtab'>no</arg>
	</msg>
	<!-- Instrumentation of /lib/x86_64-linux-gnu/libdl.so.2 image skipped because of filter conditions [cs-mode]. -->
	<!-- Update image info for [11:0x7F158F600000:NN] /opt/intel/oneapi/advisor/2023.2.0/lib64/runtime/libittnotify.so -->
	<msg id='13' display='false' source='trc'>
		<type>LOAD_MODULE</type>
		<severity>INFO</severity>
		<timestamp>Sun May 18 01:43:24 2025</timestamp>
		<arg name='module'>/opt/intel/oneapi/advisor/2023.2.0/lib64/runtime/libittnotify.so</arg>
		<arg name='basement'>0x7f158f600000</arg>
		<arg name='ceiling'>0x7f158f80c65f</arg>
		<arg name='symtab'>no</arg>
	</msg>
	<!-- __itt_pause was instrumented -->
	<!-- __itt_resume was instrumented -->
	<!-- __itt_stack_caller_create was instrumented -->
	<!-- __itt_stack_caller_destroy was instrumented -->
	<!-- __itt_stack_callee_enter was instrumented -->
	<!-- __itt_stack_callee_leave was instrumented -->
	<!-- __itt_metadata_add was instrumented -->
	<!-- Instrumentation of /opt/intel/oneapi/advisor/2023.2.0/lib64/runtime/libittnotify.so image skipped because of filter conditions [cs-mode]. -->
	<!-- Update image info for [12:0x7F158F311000:YN] /opt/intel/oneapi/advisor/2023.2.0/lib64/libpinjitprofiling.so -->
	<msg id='14' display='false' source='trc'>
		<type>LOAD_MODULE</type>
		<severity>INFO</severity>
		<timestamp>Sun May 18 01:43:24 2025</timestamp>
		<arg name='module'>/opt/intel/oneapi/advisor/2023.2.0/lib64/libpinjitprofiling.so</arg>
		<arg name='basement'>0x7f158f311000</arg>
		<arg name='ceiling'>0x7f158f315017</arg>
		<arg name='symtab'>yes</arg>
	</msg>
	<!-- Instrumentation of /opt/intel/oneapi/advisor/2023.2.0/lib64/libpinjitprofiling.so image skipped because of filter conditions [cs-mode]. -->
	<!-- Update image info for [14:0x7F158F000000:NN] /lib/x86_64-linux-gnu/libstdc++.so.6 -->
	<msg id='15' display='false' source='trc'>
		<type>LOAD_MODULE</type>
		<severity>INFO</severity>
		<timestamp>Sun May 18 01:43:24 2025</timestamp>
		<arg name='module'>/lib/x86_64-linux-gnu/libstdc++.so.6</arg>
		<arg name='basement'>0x7f158f000000</arg>
		<arg name='ceiling'>0x7f158f2650bf</arg>
		<arg name='symtab'>no</arg>
	</msg>
	<!-- Instrumentation of /lib/x86_64-linux-gnu/libstdc++.so.6 image skipped because of filter conditions [cs-mode]. -->
	<msg id='16' display='false' source='trc'>
		<type>UNLOAD_MODULE</type>
		<severity>INFO</severity>
		<timestamp>Sun May 18 02:02:36 2025</timestamp>
		<arg name='module'>/users/cp2025/cp2025_014/Computacion-Paralela-2025-FaMAF/tiny_mc/headless</arg>
	</msg>
	<msg id='17' display='false' source='trc'>
		<type>UNLOAD_MODULE</type>
		<severity>INFO</severity>
		<timestamp>Sun May 18 02:02:36 2025</timestamp>
		<arg name='module'>/lib64/ld-linux-x86-64.so.2</arg>
	</msg>
	<msg id='18' display='false' source='trc'>
		<type>UNLOAD_MODULE</type>
		<severity>INFO</severity>
		<timestamp>Sun May 18 02:02:36 2025</timestamp>
		<arg name='module'>[vdso]</arg>
	</msg>
	<msg id='19' display='false' source='trc'>
		<type>UNLOAD_MODULE</type>
		<severity>INFO</severity>
		<timestamp>Sun May 18 02:02:36 2025</timestamp>
		<arg name='module'>/lib/x86_64-linux-gnu/libm.so.6</arg>
	</msg>
	<msg id='20' display='false' source='trc'>
		<type>UNLOAD_MODULE</type>
		<severity>INFO</severity>
		<timestamp>Sun May 18 02:02:36 2025</timestamp>
		<arg name='module'>/opt/intel/oneapi/compiler/2023.2.1/linux/compiler/lib/intel64_lin/libiomp5.so</arg>
	</msg>
	<msg id='21' display='false' source='trc'>
		<type>UNLOAD_MODULE</type>
		<severity>INFO</severity>
		<timestamp>Sun May 18 02:02:36 2025</timestamp>
		<arg name='module'>/lib/x86_64-linux-gnu/libc.so.6</arg>
	</msg>
	<msg id='22' display='false' source='trc'>
		<type>UNLOAD_MODULE</type>
		<severity>INFO</severity>
		<timestamp>Sun May 18 02:02:36 2025</timestamp>
		<arg name='module'>/lib/x86_64-linux-gnu/librt.so.1</arg>
	</msg>
	<msg id='23' display='false' source='trc'>
		<type>UNLOAD_MODULE</type>
		<severity>INFO</severity>
		<timestamp>Sun May 18 02:02:36 2025</timestamp>
		<arg name='module'>/lib/x86_64-linux-gnu/libgcc_s.so.1</arg>
	</msg>
	<msg id='24' display='false' source='trc'>
		<type>UNLOAD_MODULE</type>
		<severity>INFO</severity>
		<timestamp>Sun May 18 02:02:36 2025</timestamp>
		<arg name='module'>/lib/x86_64-linux-gnu/libpthread.so.0</arg>
	</msg>
	<msg id='25' display='false' source='trc'>
		<type>UNLOAD_MODULE</type>
		<severity>INFO</severity>
		<timestamp>Sun May 18 02:02:36 2025</timestamp>
		<arg name='module'>/lib/x86_64-linux-gnu/libdl.so.2</arg>
	</msg>
	<msg id='26' display='false' source='trc'>
		<type>UNLOAD_MODULE</type>
		<severity>INFO</severity>
		<timestamp>Sun May 18 02:02:36 2025</timestamp>
		<arg name='module'>/opt/intel/oneapi/advisor/2023.2.0/lib64/runtime/libittnotify.so</arg>
	</msg>
	<msg id='27' display='false' source='trc'>
		<type>UNLOAD_MODULE</type>
		<severity>INFO</severity>
		<timestamp>Sun May 18 02:02:36 2025</timestamp>
		<arg name='module'>/opt/intel/oneapi/advisor/2023.2.0/lib64/libpinjitprofiling.so</arg>
	</msg>
	<msg id='28' display='false' source='trc'>
		<type>UNLOAD_MODULE</type>
		<severity>INFO</severity>
		<timestamp>Sun May 18 02:02:36 2025</timestamp>
		<arg name='module'>DynamicCodeBin</arg>
	</msg>
	<msg id='29' display='false' source='trc'>
		<type>UNLOAD_MODULE</type>
		<severity>INFO</severity>
		<timestamp>Sun May 18 02:02:36 2025</timestamp>
		<arg name='module'>/lib/x86_64-linux-gnu/libstdc++.so.6</arg>
	</msg>
	<msg id='30' display='false' source='trc'>
		<type>PROCESS_FINISH</type>
		<severity>INFO</severity>
		<timestamp>Sun May 18 02:02:36 2025</timestamp>
		<arg name='process'>/users/cp2025/cp2025_014/Computacion-Paralela-2025-FaMAF/tiny_mc/headless</arg>
		<arg name='pid'>2338686</arg>
		<arg name='exitcode'>0x0</arg>
	</msg>
	<!-- Application exited with code 0 -->
</log>