13 [140037269211072] INFO perfrun.launcher <> - Launcher main begin
14 [140037269211072] INFO perfrun.launcher <> - MessageCatalogInit finished
14 [140037269211072] INFO perfrun.launcher <> - Launcher instance created
14 [140037269211072] INFO perfrun.launcher <> - argc = 7; cmdline = /opt/intel/oneapi/advisor/2023.2.0/bin64/advixe-runss --ui-output-format xml --ui-output-fd 6 --option-file /users/cp2025/cp2025_014/Computacion-Paralela-2025-FaMAF/tiny_mc/advisor_project/e000/hs000/config/runss.options 
50 [140037269211072] INFO perfrun.launcher <> - create msngr2::ICliToolContext
50 [140037269211072] INFO perfrun.launcher <> - create file finder object
50 [140037269211072] INFO perfrun.launcher <> - create a result directory: pattern = /users/cp2025/cp2025_014/Computacion-Paralela-2025-FaMAF/tiny_mc/advisor_project/e000/hs000 pid = 4294967295
52 [140037269211072] INFO perfrun.sdk <> - checked that the directory /users/cp2025/cp2025_014/Computacion-Paralela-2025-FaMAF/tiny_mc/advisor_project/e000/hs000 is a local directory
52 [140037269211072] INFO perfrun.sdk <> - the directory /users/cp2025/cp2025_014/Computacion-Paralela-2025-FaMAF/tiny_mc/advisor_project/e000/hs000 is located on a share or its FS ID is unknown 801189825
52 [140037269211072] INFO perfrun.sdk <> - checked that the directory /tmp/advixe-tmp-cp2025_014 is a local directory
52 [140037269211072] INFO perfrun.sdk <> - the directory /tmp/advixe-tmp-cp2025_014 is a local directory with FS type ID 16914836
53 [140037269211072] INFO perfrun.launcher <> - Create a local result directory /tmp/advixe-tmp-cp2025_014/advixe-res-2324932-4103861138778762 due to the user result path /users/cp2025/cp2025_014/Computacion-Paralela-2025-FaMAF/tiny_mc/advisor_project/e000/hs000 is located on a share
53 [140037269211072] INFO perfrun.launcher <> - create data directory = /tmp/advixe-tmp-cp2025_014/advixe-res-2324932-4103861138778762/data.0
53 [140037269211072] INFO perfrun.launcher <> - create data directory = /users/cp2025/cp2025_014/Computacion-Paralela-2025-FaMAF/tiny_mc/advisor_project/e000/hs000/data.0
53 [140037269211072] INFO perfrun.launcher <> - Creating the master collection flag
54 [140037269211072] INFO perfrun.launcher <> - Done creating the master collection flag
57 [140037117175488] INFO perfrun.launcher <> - plugin [remoteplug] was disabled because it doesn't support the given collection type.
58 [140037117175488] INFO perfrun.sdk <> - Allocating TMU :/tmp/advixe-tmp-cp2025_014/advixe-res-2324932-4103861138778762/data.0/systemcollector-2324932-atom.sc
58 [140037117175488] INFO perfrun.launcher <> - plugin [] was disabled because it doesn't support the given collection type.
58 [140037117175488] INFO perfrun.launcher <> - plugin [gpu] was disabled because it doesn't support the given collection type.
58 [140037117175488] INFO perfrun.launcher <> - plugin [] was disabled because it doesn't support the given collection type.
58 [140037117175488] INFO perfrun.launcher <> - plugin [] was disabled because it doesn't support the given collection type.
58 [140037117175488] INFO perfrun.launcher <> - plugin [] was disabled because it doesn't support the given collection type.
58 [140037117175488] INFO perfrun.mrte <> - system-wide mode is 0
58 [140037117175488] INFO perfrun.mrte <> - Getting  mrte profiling environment ...
64 [140037117175488] INFO perfrun.mrte <> - INTEL_MRTE_DATA_DIR=/tmp/advixe-tmp-cp2025_014/advixe-res-2324932-4103861138778762/data.0
64 [140037117175488] INFO perfrun.mrte <> - INTEL_MRTE_HOST_NAME=atom
64 [140037117175488] INFO perfrun.mrte <> - JAVA_TOOL_OPTIONS=-agentlib:advixe_tpssmrte_javaprof_1.0 -Dsun.boot.library.path=/opt/intel/oneapi/advisor/2023.2.0/lib32/runtime:/opt/intel/oneapi/advisor/2023.2.0/lib64/runtime
64 [140037117175488] INFO perfrun.mrte <> - LD_LIBRARY_PATH=/opt/intel/oneapi/advisor/2023.2.0/lib32/runtime:/opt/intel/oneapi/advisor/2023.2.0/lib64/runtime:/opt/intel/oneapi/tbb/2021.10.0/env/../lib/intel64/gcc4.8:/opt/intel/oneapi/mpi/2021.10.0//libfabric/lib:/opt/intel/oneapi/mpi/2021.10.0//lib/release:/opt/intel/oneapi/mpi/2021.10.0//lib:/opt/intel/oneapi/mkl/2023.2.0/lib/intel64:/opt/intel/oneapi/itac/2021.10.0/slib:/opt/intel/oneapi/ipp/2021.9.0/lib/intel64:/opt/intel/oneapi/ippcp/2021.8.0/lib/intel64:/opt/intel/oneapi/ipp/2021.9.0/lib/intel64:/opt/intel/oneapi/dnnl/2023.2.0/cpu_dpcpp_gpu_dpcpp/lib:/opt/intel/oneapi/debugger/2023.2.0/gdb/intel64/lib:/opt/intel/oneapi/debugger/2023.2.0/libipt/intel64/lib:/opt/intel/oneapi/debugger/2023.2.0/dep/lib:/opt/intel/oneapi/dal/2023.2.0/lib/intel64:/opt/intel/oneapi/compiler/2023.2.1/linux/lib:/opt/intel/oneapi/compiler/2023.2.1/linux/lib/x64:/opt/intel/oneapi/compiler/2023.2.1/linux/lib/oclfpga/host/linux64/lib:/opt/intel/oneapi/compiler/2023.2.1/linux/compiler/lib/intel64_lin:/opt/intel/oneapi/ccl/2021.10.0/lib/cpu_gpu_dpcpp
64 [140037117175488] INFO perfrun.mrte <> - Data directory: /tmp/advixe-tmp-cp2025_014/advixe-res-2324932-4103861138778762/data.0
64 [140037117175488] INFO perfrun.mrte <> - Mrte plugin is initialized
64 [140037117175488] INFO perfrun.launcher <> - plugin [] was disabled because it doesn't support the given collection type.
64 [140037117175488] INFO perfrun.launcher <> - plugin [] was disabled because it doesn't support the given collection type.
64 [140037117175488] INFO perfrun.launcher <> - plugin [] was disabled because it doesn't support the given collection type.
64 [140037117175488] INFO perfrun.launcher <> - plugin [] was disabled because it doesn't support the given collection type.
64 [140037117175488] INFO perfrun.launcher <> - plugin [] was disabled because it doesn't support the given collection type.
64 [140037117175488] INFO perfrun.launcher <> - plugin [] was disabled because it doesn't support the given collection type.
64 [140037117175488] INFO perfrun.launcher <> - plugin [] was disabled because it doesn't support the given collection type.
64 [140037117175488] INFO perfrun.tpss <> - initialize tpss controller
64 [140037117175488] INFO perfrun.tpss <> - configure collection mode: value = cpu:stack
64 [140037117175488] INFO perfrun.tpss <> - default obj-size-min=1024
64 [140037117175488] INFO perfrun.tpss <> - default hash-table-size=0
64 [140037117175488] INFO perfrun.launcher <> - plugin [] was disabled because it doesn't support the given collection type.
64 [140037117175488] INFO perfrun.launcher <> - plugin [] was disabled because it doesn't support the given collection type.
64 [140037117175488] INFO perfrun.launcher <> - plugin [] was disabled because it doesn't support the given collection type.
64 [140037117175488] INFO perfrun.launcher <> - plugin [] was disabled because it doesn't support the given collection type.
64 [140037117175488] INFO perfrun.launcher <> - plugin [] was disabled because it doesn't support the given collection type.
64 [140037117175488] INFO perfrun.launcher <> - plugin [] was disabled because it doesn't support the given collection type.
64 [140037117175488] INFO perfrun.launcher <> - plugin [] was disabled because it doesn't support the given collection type.
64 [140037117175488] INFO perfrun.launcher <> - plugin [] was disabled because it doesn't support the given collection type.
64 [140037117175488] INFO perfrun.launcher <> - plugin [] was disabled because it doesn't support the given collection type.
64 [140037269211072] INFO perfrun.launcher <> - set environment variable: LD_LIBRARY_PATH = /opt/intel/oneapi/advisor/2023.2.0/lib32/runtime:/opt/intel/oneapi/advisor/2023.2.0/lib64/runtime:/opt/intel/oneapi/tbb/2021.10.0/env/../lib/intel64/gcc4.8:/opt/intel/oneapi/mpi/2021.10.0//libfabric/lib:/opt/intel/oneapi/mpi/2021.10.0//lib/release:/opt/intel/oneapi/mpi/2021.10.0//lib:/opt/intel/oneapi/mkl/2023.2.0/lib/intel64:/opt/intel/oneapi/itac/2021.10.0/slib:/opt/intel/oneapi/ipp/2021.9.0/lib/intel64:/opt/intel/oneapi/ippcp/2021.8.0/lib/intel64:/opt/intel/oneapi/ipp/2021.9.0/lib/intel64:/opt/intel/oneapi/dnnl/2023.2.0/cpu_dpcpp_gpu_dpcpp/lib:/opt/intel/oneapi/debugger/2023.2.0/gdb/intel64/lib:/opt/intel/oneapi/debugger/2023.2.0/libipt/intel64/lib:/opt/intel/oneapi/debugger/2023.2.0/dep/lib:/opt/intel/oneapi/dal/2023.2.0/lib/intel64:/opt/intel/oneapi/compiler/2023.2.1/linux/lib:/opt/intel/oneapi/compiler/2023.2.1/linux/lib/x64:/opt/intel/oneapi/compiler/2023.2.1/linux/lib/oclfpga/host/linux64/lib:/opt/intel/oneapi/compiler/2023.2.1/linux/compiler/lib/intel64_lin:/opt/intel/oneapi/ccl/2021.10.0/lib/cpu_gpu_dpcpp
64 [140037269211072] INFO perfrun.launcher <> - set environment variable: INTEL_LIBITTNOTIFY32 = /opt/intel/oneapi/advisor/2023.2.0/lib32/runtime/libittnotify_collector.so
64 [140037269211072] INFO perfrun.launcher <> - set environment variable: INTEL_LIBITTNOTIFY64 = /opt/intel/oneapi/advisor/2023.2.0/lib64/runtime/libittnotify_collector.so
64 [140037269211072] INFO perfrun.launcher <> - set environment variable: INTEL_ITTNOTIFY_GROUPS = 
65 [140037269211072] INFO perfrun.launcher <> - set environment variable: INTEL_JIT_PROFILER32 = /opt/intel/oneapi/advisor/2023.2.0/lib32/runtime/libittnotify_collector.so
65 [140037269211072] INFO perfrun.launcher <> - set environment variable: INTEL_JIT_PROFILER64 = /opt/intel/oneapi/advisor/2023.2.0/lib64/runtime/libittnotify_collector.so
65 [140037269211072] INFO perfrun.launcher <> - set environment variable: ENABLE_JITPROFILING = 1
65 [140037269211072] INFO perfrun.launcher <> - set environment variable: CL_CONFIG_USE_VTUNE = True
65 [140037269211072] INFO perfrun.launcher <> - set environment variable: KMP_FORKJOIN_FRAMES = 0
65 [140037269211072] INFO perfrun.launcher <> - set environment variable: KMP_FORKJOIN_FRAMES_MODE = 0
65 [140037269211072] INFO perfrun.launcher <> - set environment variable: INTEL_MRTE_DATA_DIR = /tmp/advixe-tmp-cp2025_014/advixe-res-2324932-4103861138778762/data.0
65 [140037269211072] INFO perfrun.launcher <> - set environment variable: INTEL_MRTE_HOST_NAME = atom
65 [140037269211072] INFO perfrun.launcher <> - set environment variable: JAVA_TOOL_OPTIONS = -agentlib:advixe_tpssmrte_javaprof_1.0 -Dsun.boot.library.path=/opt/intel/oneapi/advisor/2023.2.0/lib32/runtime:/opt/intel/oneapi/advisor/2023.2.0/lib64/runtime
65 [140037269211072] INFO perfrun.launcher <> - set environment variable: LD_LIBRARY_PATH = /opt/intel/oneapi/advisor/2023.2.0/lib32/runtime:/opt/intel/oneapi/advisor/2023.2.0/lib64/runtime:/opt/intel/oneapi/tbb/2021.10.0/env/../lib/intel64/gcc4.8:/opt/intel/oneapi/mpi/2021.10.0//libfabric/lib:/opt/intel/oneapi/mpi/2021.10.0//lib/release:/opt/intel/oneapi/mpi/2021.10.0//lib:/opt/intel/oneapi/mkl/2023.2.0/lib/intel64:/opt/intel/oneapi/itac/2021.10.0/slib:/opt/intel/oneapi/ipp/2021.9.0/lib/intel64:/opt/intel/oneapi/ippcp/2021.8.0/lib/intel64:/opt/intel/oneapi/ipp/2021.9.0/lib/intel64:/opt/intel/oneapi/dnnl/2023.2.0/cpu_dpcpp_gpu_dpcpp/lib:/opt/intel/oneapi/debugger/2023.2.0/gdb/intel64/lib:/opt/intel/oneapi/debugger/2023.2.0/libipt/intel64/lib:/opt/intel/oneapi/debugger/2023.2.0/dep/lib:/opt/intel/oneapi/dal/2023.2.0/lib/intel64:/opt/intel/oneapi/compiler/2023.2.1/linux/lib:/opt/intel/oneapi/compiler/2023.2.1/linux/lib/x64:/opt/intel/oneapi/compiler/2023.2.1/linux/lib/oclfpga/host/linux64/lib:/opt/intel/oneapi/compiler/2023.2.1/linux/compiler/lib/intel64_lin:/opt/intel/oneapi/ccl/2021.10.0/lib/cpu_gpu_dpcpp
65 [140037269211072] INFO perfrun.launcher <> - RpcServer: run RPC server to handle requests
65 [140037269211072] INFO perfrun.launcher <> - Launcher: command line to start before modification = ./headless
66 [140037269211072] INFO perfrun.launcher <> - Launcher: command line to start after modification = /opt/intel/oneapi/advisor/2023.2.0/bin64/pin -error_file /tmp/advixe-tmp-cp2025_014/advixe-res-2324932-4103861138778762/data.0/pinerr.tpsslog -detach_reattach -follow_execv -tool_load_option deepbind -t64 /opt/intel/oneapi/advisor/2023.2.0/lib64/libtpsstool.so -t /opt/intel/oneapi/advisor/2023.2.0/lib32/libtpsstool.so -server_name tpss_ipc.2324932 -prd_dir /opt/intel/oneapi/advisor/2023.2.0 -- ./headless
66 [140037269211072] INFO perfrun.launcher <> - ProcessCreator object was created
66 [140037269211072] INFO perfrun.launcher <> - Launcher: the process was started in suspend mode
70 [140037117175488] WARN perfrun.system <> - Could not do anything with /sys/kernel/debug/kvm: boost::filesystem::status: Permission denied: "/sys/kernel/debug/kvm", at file: vcs/perfrun1/plugins/system/src/trace_writer.cpp:787
70 [140037117175488] WARN perfrun.system <> - Folder "/var/run/libvirt/qemu/"doesn't exist, at file: vcs/perfrun1/plugins/system/src/trace_writer.cpp:800
73 [140037117175488] WARN perfrun.sdk <> - Failed to find xl binary on any of the system paths: /bin, /sbin, /usr/bin, /usr/sbin., at file: vcs/perfrun1/sdk/src/utils.cpp:204
78 [140037117175488] INFO perfrun.vdso <> - Helper runtool '/opt/intel/oneapi/advisor/2023.2.0/bin32/advixe-runss -dump-vdso -r /tmp/advixe-tmp-cp2025_014/advixe-res-2324932-4103861138778762 --tmp-dir /tmp/advixe-tmp-cp2025_014' returned 1
153 [140037117175488] INFO perfrun.vdso <> - Helper runtool '/opt/intel/oneapi/advisor/2023.2.0/bin64/advixe-runss -dump-vdso -r /tmp/advixe-tmp-cp2025_014/advixe-res-2324932-4103861138778762 --tmp-dir /tmp/advixe-tmp-cp2025_014' returned 0
153 [140037117175488] INFO perfrun.itt <> - start itt controller for pid #2324937
153 [140037117175488] INFO perfrun.tpss <> - start tpss controller for pid #2324937
204 [140037269211072] INFO perfrun.launcher <> - Launcher: all plugins were started
204 [140037269211072] INFO perfrun.launcher <> - DirectoryMonitor object was created
204 [140037269211072] INFO perfrun.launcher <> - DirectoryMonitor: a callback was added
204 [140037269211072] INFO perfrun.launcher <> - DirectoryMonitor was started with pingTime = 1000
204 [140037269211072] INFO perfrun.launcher <> - DeadlineTimer is going to be constructed
204 [140037269211072] INFO perfrun.launcher <> - DeadlineTimer: a callback was added
206 [140037269211072] INFO perfrun.launcher <> - Launcher: resume the profiled application and  wait its termination or stop command
210243 [140037269211072] INFO perfrun.launcher <> - Launcher: the profiled application was terminated  with exit code = 0
210263 [140037117175488] INFO perfrun.itt <> - detach itt controller
210263 [140037117175488] INFO perfrun.itt <> - detach itt controller done
210263 [140037117175488] INFO perfrun.tpss <> - stop tpss controller
210264 [140037117175488] INFO perfrun.sdk <> - De-allocating TMU: /tmp/advixe-tmp-cp2025_014/advixe-res-2324932-4103861138778762/data.0/systemcollector-2324932-atom.sc
210264 [140037117175488] INFO perfrun.system <> - closed the system trace file: /tmp/advixe-tmp-cp2025_014/advixe-res-2324932-4103861138778762/data.0/systemcollector-2324932-atom.sc
210264 [140037269211072] INFO perfrun.launcher <> - Launcher: all plugins were stopped.
210264 [140037269211072] INFO perfrun.launcher <> - DeadlineTimer is going to be destroyed
210264 [140037269211072] INFO perfrun.launcher <> - DeadlineTimer was destroyed
210264 [140037269211072] INFO perfrun.launcher <> - DirectoryMonitor object was destroyed
210264 [140037269211072] WARN perfrun.launcher <> - Stop command is ignored because it is received when collection is already stopped, at file: vcs/perfrun1/launcher/src/command_handler.cpp:226
210304 [140037269211072] INFO perfrun.launcher <> - Application exit code: 0
210304 [140037269211072] INFO perfrun.launcher <> - Exit code: 0
